[03-Mar-2019 14:14:53 UTC] PHP Warning:  include(/templates/template_file.php): failed to open stream: No such file or directory in C:\Users\luc-a\Desktop\Universita\Basididati\project\source\index.php on line 2
[03-Mar-2019 14:14:53 UTC] PHP Stack trace:
[03-Mar-2019 14:14:53 UTC] PHP   1. {main}() C:\Users\luc-a\Desktop\Universita\Basididati\project\source\index.php:0
[03-Mar-2019 14:16:12 UTC] PHP Warning:  include(): Failed opening '/templates/template_file.php' for inclusion (include_path='.;C:\php\pear') in C:\Users\luc-a\Desktop\Universita\Basididati\project\source\index.php on line 2
[03-Mar-2019 14:16:12 UTC] PHP Stack trace:
[03-Mar-2019 14:16:12 UTC] PHP   1. {main}() C:\Users\luc-a\Desktop\Universita\Basididati\project\source\index.php:0
[03-Mar-2019 14:16:17 UTC] PHP Fatal error:  Uncaught Error: Call to undefined function renderTemplate() in C:\Users\luc-a\Desktop\Universita\Basididati\project\source\index.php:3
Stack trace:
#0 {main}
  thrown in C:\Users\luc-a\Desktop\Universita\Basididati\project\source\index.php on line 3
[03-Mar-2019 14:16:36 UTC] PHP Warning:  include(../templates/template_file.php): failed to open stream: No such file or directory in C:\Users\luc-a\Desktop\Universita\Basididati\project\source\index.php on line 2
[03-Mar-2019 14:16:36 UTC] PHP Stack trace:
[03-Mar-2019 14:16:36 UTC] PHP   1. {main}() C:\Users\luc-a\Desktop\Universita\Basididati\project\source\index.php:0
[03-Mar-2019 14:18:05 UTC] PHP Fatal error:  Uncaught Error: Call to undefined function renderTemplate() in C:\Users\luc-a\Desktop\Universita\Basididati\project\source\index.php:3
Stack trace:
#0 {main}
  thrown in C:\Users\luc-a\Desktop\Universita\Basididati\project\source\index.php on line 3
[03-Mar-2019 14:18:27 UTC] PHP Fatal error:  Uncaught Error: Call to undefined function renderTemplate() in C:\Users\luc-a\Desktop\Universita\Basididati\project\source\index.php:3
Stack trace:
#0 {main}
  thrown in C:\Users\luc-a\Desktop\Universita\Basididati\project\source\index.php on line 3
[03-Mar-2019 14:18:27 UTC] PHP Stack trace:
[03-Mar-2019 14:18:27 UTC] PHP   1. {main}() C:\Users\luc-a\Desktop\Universita\Basididati\project\source\index.php:0
[03-Mar-2019 14:19:20 UTC] PHP Fatal error:  Uncaught Error: Call to undefined function renderTemplate() in C:\Users\luc-a\Desktop\Universita\Basididati\project\source\index.php:3
Stack trace:
#0 {main}
  thrown in C:\Users\luc-a\Desktop\Universita\Basididati\project\source\index.php on line 3
[03-Mar-2019 14:23:48 UTC] PHP Fatal error:  Uncaught Error: Class 'template' not found in C:\Users\luc-a\Desktop\Universita\Basididati\project\source\index.php:3
Stack trace:
#0 {main}
  thrown in C:\Users\luc-a\Desktop\Universita\Basididati\project\source\index.php on line 3
[03-Mar-2019 14:23:48 UTC] PHP Stack trace:
[03-Mar-2019 14:23:48 UTC] PHP   1. {main}() C:\Users\luc-a\Desktop\Universita\Basididati\project\source\index.php:0
[03-Mar-2019 14:34:59 UTC] PHP Fatal error:  Uncaught ArgumentCountError: Too few arguments to function template\renderTemplate(), 1 passed in C:\Users\luc-a\Desktop\Universita\Basididati\project\source\index.php on line 8 and exactly 2 expected in C:\Users\luc-a\Desktop\Universita\Basididati\project\source\templates\template_file.php:4
Stack trace:
#0 C:\Users\luc-a\Desktop\Universita\Basididati\project\source\index.php(8): template\renderTemplate('test.html')
#1 {main}
  thrown in C:\Users\luc-a\Desktop\Universita\Basididati\project\source\templates\template_file.php on line 4
[03-Mar-2019 14:34:59 UTC] PHP Stack trace:
[03-Mar-2019 14:34:59 UTC] PHP   1. {main}() C:\Users\luc-a\Desktop\Universita\Basididati\project\source\index.php:0
[03-Mar-2019 14:34:59 UTC] PHP   2. template\renderTemplate($file = *uninitialized*, $model = *uninitialized*) C:\Users\luc-a\Desktop\Universita\Basididati\project\source\index.php:8
[03-Mar-2019 14:47:42 UTC] PHP Parse error:  syntax error, unexpected '}', expecting ';' in C:\Users\luc-a\Desktop\Universita\Basididati\project\source\templates\template_file.php on line 11
[03-Mar-2019 14:47:42 UTC] PHP Stack trace:
[03-Mar-2019 14:47:42 UTC] PHP   1. {main}() C:\Users\luc-a\Desktop\Universita\Basididati\project\source\index.php:0
[03-Mar-2019 14:48:49 UTC] PHP Warning:  preg_replace() expects at least 3 parameters, 2 given in C:\Users\luc-a\Desktop\Universita\Basididati\project\source\templates\template_file.php on line 8
[03-Mar-2019 14:48:49 UTC] PHP Stack trace:
[03-Mar-2019 14:48:49 UTC] PHP   1. {main}() C:\Users\luc-a\Desktop\Universita\Basididati\project\source\index.php:0
[03-Mar-2019 14:48:49 UTC] PHP   2. template\renderTemplate($file = *uninitialized*, $model = *uninitialized*) C:\Users\luc-a\Desktop\Universita\Basididati\project\source\index.php:8
[03-Mar-2019 14:48:49 UTC] PHP   3. preg_replace(*uninitialized*, *uninitialized*) C:\Users\luc-a\Desktop\Universita\Basididati\project\source\templates\template_file.php:8
[03-Mar-2019 15:01:56 UTC] PHP Warning:  A non-numeric value encountered in C:\Users\luc-a\Desktop\Universita\Basididati\project\source\templates\template_file.php on line 8
[03-Mar-2019 15:01:56 UTC] PHP Stack trace:
[03-Mar-2019 15:01:56 UTC] PHP   1. {main}() C:\Users\luc-a\Desktop\Universita\Basididati\project\source\index.php:0
[03-Mar-2019 15:01:56 UTC] PHP   2. template\renderTemplate($file = *uninitialized*, $model = *uninitialized*) C:\Users\luc-a\Desktop\Universita\Basididati\project\source\index.php:8
[03-Mar-2019 15:10:18 UTC] PHP Warning:  file(layouts/main.html): failed to open stream: No such file or directory in C:\Users\luc-a\Desktop\Universita\Basididati\project\source\templates\template_file.php on line 5
[03-Mar-2019 15:10:18 UTC] PHP Stack trace:
[03-Mar-2019 15:10:18 UTC] PHP   1. {main}() C:\Users\luc-a\Desktop\Universita\Basididati\project\source\index.php:0
[03-Mar-2019 15:10:18 UTC] PHP   2. template\renderTemplate($file = *uninitialized*, $model = *uninitialized*) C:\Users\luc-a\Desktop\Universita\Basididati\project\source\index.php:8
[03-Mar-2019 15:10:18 UTC] PHP   3. template\setUpTemplate($file = *uninitialized*, $model = *uninitialized*) C:\Users\luc-a\Desktop\Universita\Basididati\project\source\templates\template_file.php:14
[03-Mar-2019 15:10:18 UTC] PHP   4. file(*uninitialized*) C:\Users\luc-a\Desktop\Universita\Basididati\project\source\templates\template_file.php:5
[03-Mar-2019 15:11:29 UTC] PHP Warning:  file(../layouts/main.html): failed to open stream: No such file or directory in C:\Users\luc-a\Desktop\Universita\Basididati\project\source\templates\template_file.php on line 5
[03-Mar-2019 15:11:29 UTC] PHP Stack trace:
[03-Mar-2019 15:11:29 UTC] PHP   1. {main}() C:\Users\luc-a\Desktop\Universita\Basididati\project\source\index.php:0
[03-Mar-2019 15:11:29 UTC] PHP   2. template\renderTemplate($file = *uninitialized*, $model = *uninitialized*) C:\Users\luc-a\Desktop\Universita\Basididati\project\source\index.php:8
[03-Mar-2019 15:11:29 UTC] PHP   3. template\setUpTemplate($file = *uninitialized*, $model = *uninitialized*) C:\Users\luc-a\Desktop\Universita\Basididati\project\source\templates\template_file.php:14
[03-Mar-2019 15:11:29 UTC] PHP   4. file(*uninitialized*) C:\Users\luc-a\Desktop\Universita\Basididati\project\source\templates\template_file.php:5
[03-Mar-2019 15:32:35 UTC] PHP Fatal error:  Uncaught ArgumentCountError: Too few arguments to function template\setUpTemplate(), 1 passed in C:\Users\luc-a\Desktop\Universita\Basididati\project\source\index.php on line 3 and exactly 2 expected in C:\Users\luc-a\Desktop\Universita\Basididati\project\source\templates\template_file.php:4
Stack trace:
#0 C:\Users\luc-a\Desktop\Universita\Basididati\project\source\index.php(3): template\setUpTemplate('test.html')
#1 {main}
  thrown in C:\Users\luc-a\Desktop\Universita\Basididati\project\source\templates\template_file.php on line 4
[03-Mar-2019 15:33:25 UTC] PHP Fatal error:  Uncaught ArgumentCountError: Too few arguments to function template\setUpTemplate(), 1 passed in C:\Users\luc-a\Desktop\Universita\Basididati\project\source\index.php on line 9 and exactly 2 expected in C:\Users\luc-a\Desktop\Universita\Basididati\project\source\templates\template_file.php:4
Stack trace:
#0 C:\Users\luc-a\Desktop\Universita\Basididati\project\source\index.php(9): template\setUpTemplate('test.html')
#1 {main}
  thrown in C:\Users\luc-a\Desktop\Universita\Basididati\project\source\templates\template_file.php on line 4
[03-Mar-2019 15:33:56 UTC] PHP Fatal error:  Uncaught ArgumentCountError: Too few arguments to function template\setUpTemplate(), 1 passed in C:\Users\luc-a\Desktop\Universita\Basididati\project\source\index.php on line 9 and exactly 2 expected in C:\Users\luc-a\Desktop\Universita\Basididati\project\source\templates\template_file.php:4
Stack trace:
#0 C:\Users\luc-a\Desktop\Universita\Basididati\project\source\index.php(9): template\setUpTemplate('test.html')
#1 {main}
  thrown in C:\Users\luc-a\Desktop\Universita\Basididati\project\source\templates\template_file.php on line 4
[03-Mar-2019 15:33:56 UTC] PHP Stack trace:
[03-Mar-2019 15:33:56 UTC] PHP   1. {main}() C:\Users\luc-a\Desktop\Universita\Basididati\project\source\index.php:0
[03-Mar-2019 15:33:56 UTC] PHP   2. template\setUpTemplate($file = *uninitialized*, $model = *uninitialized*) C:\Users\luc-a\Desktop\Universita\Basididati\project\source\index.php:9
[03-Mar-2019 15:55:36 UTC] PHP Fatal error:  Uncaught Error: Call to undefined function renderPage() in C:\Users\luc-a\Desktop\Universita\Basididati\project\source\index.php:11
Stack trace:
#0 {main}
  thrown in C:\Users\luc-a\Desktop\Universita\Basididati\project\source\index.php on line 11
[03-Mar-2019 15:55:55 UTC] PHP Fatal error:  Uncaught Error: Call to undefined function template\template\renderTemplate() in C:\Users\luc-a\Desktop\Universita\Basididati\project\source\templates\template_file.php:23
Stack trace:
#0 C:\Users\luc-a\Desktop\Universita\Basididati\project\source\index.php(11): template\renderPage('index', Array)
#1 {main}
  thrown in C:\Users\luc-a\Desktop\Universita\Basididati\project\source\templates\template_file.php on line 23
