[03-Mar-2019 23:03:09 UTC] PHP Notice:  Undefined index: HTTP_REFERER in C:\Users\luc-a\Desktop\Universita\Basididati\project\source\login\index.php on line 10
[03-Mar-2019 23:03:09 UTC] PHP Stack trace:
[03-Mar-2019 23:03:09 UTC] PHP   1. {main}() C:\Users\luc-a\Desktop\Universita\Basididati\project\source\login\index.php:0
[03-Mar-2019 23:03:09 UTC] PHP Notice:  Undefined index: static in C:\Users\luc-a\Desktop\Universita\Basididati\project\source\templates\template_file.php on line 15
[03-Mar-2019 23:03:09 UTC] PHP Stack trace:
[03-Mar-2019 23:03:09 UTC] PHP   1. {main}() C:\Users\luc-a\Desktop\Universita\Basididati\project\source\login\index.php:0
[03-Mar-2019 23:03:09 UTC] PHP   2. template\renderTemplate() C:\Users\luc-a\Desktop\Universita\Basididati\project\source\login\index.php:12
[03-Mar-2019 23:03:09 UTC] PHP   3. template\setUpTemplate() C:\Users\luc-a\Desktop\Universita\Basididati\project\source\templates\template_file.php:24
[03-Mar-2019 23:03:49 UTC] PHP Notice:  Undefined index: HTTP_REFERER in C:\Users\luc-a\Desktop\Universita\Basididati\project\source\login\index.php on line 10
[03-Mar-2019 23:03:49 UTC] PHP Stack trace:
[03-Mar-2019 23:03:49 UTC] PHP   1. {main}() C:\Users\luc-a\Desktop\Universita\Basididati\project\source\login\index.php:0
[03-Mar-2019 23:03:49 UTC] PHP Notice:  Undefined index: static in C:\Users\luc-a\Desktop\Universita\Basididati\project\source\templates\template_file.php on line 15
[03-Mar-2019 23:03:49 UTC] PHP Stack trace:
[03-Mar-2019 23:03:49 UTC] PHP   1. {main}() C:\Users\luc-a\Desktop\Universita\Basididati\project\source\login\index.php:0
[03-Mar-2019 23:03:49 UTC] PHP   2. template\renderTemplate() C:\Users\luc-a\Desktop\Universita\Basididati\project\source\login\index.php:12
[03-Mar-2019 23:03:49 UTC] PHP   3. template\setUpTemplate() C:\Users\luc-a\Desktop\Universita\Basididati\project\source\templates\template_file.php:24
[03-Mar-2019 23:03:54 UTC] PHP Notice:  Undefined index: static in C:\Users\luc-a\Desktop\Universita\Basididati\project\source\templates\template_file.php on line 15
[03-Mar-2019 23:03:54 UTC] PHP Stack trace:
[03-Mar-2019 23:03:54 UTC] PHP   1. {main}() C:\Users\luc-a\Desktop\Universita\Basididati\project\source\login\index.php:0
[03-Mar-2019 23:03:54 UTC] PHP   2. template\renderTemplate() C:\Users\luc-a\Desktop\Universita\Basididati\project\source\login\index.php:12
[03-Mar-2019 23:03:54 UTC] PHP   3. template\setUpTemplate() C:\Users\luc-a\Desktop\Universita\Basididati\project\source\templates\template_file.php:24
[03-Mar-2019 23:13:23 UTC] PHP Warning:  Use of undefined constant template - assumed 'template' (this will throw an Error in a future version of PHP) in C:\Users\luc-a\Desktop\Universita\Basididati\project\source\login\index.php on line 14
[03-Mar-2019 23:13:23 UTC] PHP Stack trace:
[03-Mar-2019 23:13:23 UTC] PHP   1. {main}() C:\Users\luc-a\Desktop\Universita\Basididati\project\source\login\index.php:0
[03-Mar-2019 23:13:23 UTC] PHP Fatal error:  Uncaught Error: Call to undefined function renderPage() in C:\Users\luc-a\Desktop\Universita\Basididati\project\source\login\index.php:14
Stack trace:
#0 {main}
  thrown in C:\Users\luc-a\Desktop\Universita\Basididati\project\source\login\index.php on line 14
[03-Mar-2019 23:13:43 UTC] PHP Fatal error:  Uncaught Error: Undefined class constant 'login' in C:\Users\luc-a\Desktop\Universita\Basididati\project\source\login\index.php:14
Stack trace:
#0 {main}
  thrown in C:\Users\luc-a\Desktop\Universita\Basididati\project\source\login\index.php on line 14
[03-Mar-2019 23:14:00 UTC] PHP Notice:  Undefined index: test in C:\Users\luc-a\Desktop\Universita\Basididati\project\source\templates\layouts\main.php on line 17
[03-Mar-2019 23:14:00 UTC] PHP Stack trace:
[03-Mar-2019 23:14:00 UTC] PHP   1. {main}() C:\Users\luc-a\Desktop\Universita\Basididati\project\source\login\index.php:0
[03-Mar-2019 23:14:00 UTC] PHP   2. template\renderPage() C:\Users\luc-a\Desktop\Universita\Basididati\project\source\login\index.php:14
[03-Mar-2019 23:14:00 UTC] PHP   3. template\renderTemplate() C:\Users\luc-a\Desktop\Universita\Basididati\project\source\templates\template_file.php:33
[03-Mar-2019 23:14:00 UTC] PHP   4. template\setUpTemplate() C:\Users\luc-a\Desktop\Universita\Basididati\project\source\templates\template_file.php:24
[03-Mar-2019 23:14:00 UTC] PHP   5. require_once() C:\Users\luc-a\Desktop\Universita\Basididati\project\source\templates\template_file.php:10
[03-Mar-2019 23:46:28 UTC] PHP Notice:  Undefined variable: type in C:\Users\luc-a\Desktop\Universita\Basididati\project\source\templates\template_file.php on line 30
[03-Mar-2019 23:46:28 UTC] PHP Stack trace:
[03-Mar-2019 23:46:28 UTC] PHP   1. {main}() C:\Users\luc-a\Desktop\Universita\Basididati\project\source\login\index.php:0
[03-Mar-2019 23:46:28 UTC] PHP   2. template\renderPage($title = *uninitialized*, $body = *uninitialized*, $model = *uninitialized*, $header_model = *uninitialized*, $resources = *uninitialized*) C:\Users\luc-a\Desktop\Universita\Basididati\project\source\login\index.php:23
[03-Mar-2019 23:46:28 UTC] PHP   3. template\addResource($values = *uninitialized*) C:\Users\luc-a\Desktop\Universita\Basididati\project\source\templates\template_file.php:42
[04-Mar-2019 12:25:23 UTC] PHP Notice:  Undefined index: HTTP_REFERER in C:\Users\luc-a\Desktop\Universita\Basididati\project\source\login\index.php on line 10
[04-Mar-2019 12:25:23 UTC] PHP Stack trace:
[04-Mar-2019 12:25:23 UTC] PHP   1. {main}() C:\Users\luc-a\Desktop\Universita\Basididati\project\source\login\index.php:0
[04-Mar-2019 12:25:24 UTC] PHP Notice:  Undefined index: HTTP_REFERER in C:\Users\luc-a\Desktop\Universita\Basididati\project\source\login\index.php on line 10
[04-Mar-2019 12:25:24 UTC] PHP Stack trace:
[04-Mar-2019 12:25:24 UTC] PHP   1. {main}() C:\Users\luc-a\Desktop\Universita\Basididati\project\source\login\index.php:0
[04-Mar-2019 12:26:35 UTC] PHP Notice:  Undefined index: HTTP_REFERER in C:\Users\luc-a\Desktop\Universita\Basididati\project\source\login\index.php on line 10
[04-Mar-2019 12:26:35 UTC] PHP Stack trace:
[04-Mar-2019 12:26:35 UTC] PHP   1. {main}() C:\Users\luc-a\Desktop\Universita\Basididati\project\source\login\index.php:0
[04-Mar-2019 12:28:09 UTC] PHP Notice:  Undefined index: HTTP_REFERER in C:\Users\luc-a\Desktop\Universita\Basididati\project\source\login\index.php on line 10
[04-Mar-2019 12:28:09 UTC] PHP Stack trace:
[04-Mar-2019 12:28:09 UTC] PHP   1. {main}() C:\Users\luc-a\Desktop\Universita\Basididati\project\source\login\index.php:0
[04-Mar-2019 12:28:10 UTC] PHP Notice:  Undefined index: HTTP_REFERER in C:\Users\luc-a\Desktop\Universita\Basididati\project\source\login\index.php on line 10
[04-Mar-2019 12:28:10 UTC] PHP Stack trace:
[04-Mar-2019 12:28:10 UTC] PHP   1. {main}() C:\Users\luc-a\Desktop\Universita\Basididati\project\source\login\index.php:0
[04-Mar-2019 12:29:49 UTC] PHP Notice:  Undefined index: HTTP_REFERER in C:\Users\luc-a\Desktop\Universita\Basididati\project\source\login\index.php on line 10
[04-Mar-2019 12:29:49 UTC] PHP Stack trace:
[04-Mar-2019 12:29:49 UTC] PHP   1. {main}() C:\Users\luc-a\Desktop\Universita\Basididati\project\source\login\index.php:0
[04-Mar-2019 12:29:49 UTC] PHP Notice:  Undefined index: id in C:\Users\luc-a\Desktop\Universita\Basididati\project\source\login\index.php on line 24
[04-Mar-2019 12:29:49 UTC] PHP Stack trace:
[04-Mar-2019 12:29:49 UTC] PHP   1. {main}() C:\Users\luc-a\Desktop\Universita\Basididati\project\source\login\index.php:0
[04-Mar-2019 12:29:52 UTC] PHP Notice:  Undefined index: HTTP_REFERER in C:\Users\luc-a\Desktop\Universita\Basididati\project\source\login\index.php on line 10
[04-Mar-2019 12:29:52 UTC] PHP Stack trace:
[04-Mar-2019 12:29:52 UTC] PHP   1. {main}() C:\Users\luc-a\Desktop\Universita\Basididati\project\source\login\index.php:0
[04-Mar-2019 12:31:40 UTC] PHP Notice:  Undefined index: HTTP_REFERER in C:\Users\luc-a\Desktop\Universita\Basididati\project\source\login\index.php on line 10
[04-Mar-2019 12:31:40 UTC] PHP Stack trace:
[04-Mar-2019 12:31:40 UTC] PHP   1. {main}() C:\Users\luc-a\Desktop\Universita\Basididati\project\source\login\index.php:0
[04-Mar-2019 12:31:41 UTC] PHP Notice:  Undefined index: HTTP_REFERER in C:\Users\luc-a\Desktop\Universita\Basididati\project\source\login\index.php on line 10
[04-Mar-2019 12:31:41 UTC] PHP Stack trace:
[04-Mar-2019 12:31:41 UTC] PHP   1. {main}() C:\Users\luc-a\Desktop\Universita\Basididati\project\source\login\index.php:0
[04-Mar-2019 12:31:45 UTC] PHP Notice:  Undefined index: HTTP_REFERER in C:\Users\luc-a\Desktop\Universita\Basididati\project\source\login\index.php on line 10
[04-Mar-2019 12:31:45 UTC] PHP Stack trace:
[04-Mar-2019 12:31:45 UTC] PHP   1. {main}() C:\Users\luc-a\Desktop\Universita\Basididati\project\source\login\index.php:0
[04-Mar-2019 12:32:13 UTC] PHP Notice:  Undefined index: HTTP_REFERER in C:\Users\luc-a\Desktop\Universita\Basididati\project\source\login\index.php on line 10
[04-Mar-2019 12:32:13 UTC] PHP Stack trace:
[04-Mar-2019 12:32:13 UTC] PHP   1. {main}() C:\Users\luc-a\Desktop\Universita\Basididati\project\source\login\index.php:0
[04-Mar-2019 12:32:15 UTC] PHP Notice:  Undefined index: HTTP_REFERER in C:\Users\luc-a\Desktop\Universita\Basididati\project\source\login\index.php on line 10
[04-Mar-2019 12:32:15 UTC] PHP Stack trace:
[04-Mar-2019 12:32:15 UTC] PHP   1. {main}() C:\Users\luc-a\Desktop\Universita\Basididati\project\source\login\index.php:0
[04-Mar-2019 12:39:22 UTC] PHP Notice:  Undefined index: HTTP_REFERER in C:\Users\luc-a\Desktop\Universita\Basididati\project\source\login\index.php on line 10
[04-Mar-2019 12:39:22 UTC] PHP Stack trace:
[04-Mar-2019 12:39:22 UTC] PHP   1. {main}() C:\Users\luc-a\Desktop\Universita\Basididati\project\source\login\index.php:0
[04-Mar-2019 12:39:22 UTC] PHP Notice:  Undefined index: id in C:\Users\luc-a\Desktop\Universita\Basididati\project\source\login\index.php on line 24
[04-Mar-2019 12:39:22 UTC] PHP Stack trace:
[04-Mar-2019 12:39:22 UTC] PHP   1. {main}() C:\Users\luc-a\Desktop\Universita\Basididati\project\source\login\index.php:0
[04-Mar-2019 12:39:23 UTC] PHP Notice:  Undefined index: HTTP_REFERER in C:\Users\luc-a\Desktop\Universita\Basididati\project\source\login\index.php on line 10
[04-Mar-2019 12:39:23 UTC] PHP Stack trace:
[04-Mar-2019 12:39:23 UTC] PHP   1. {main}() C:\Users\luc-a\Desktop\Universita\Basididati\project\source\login\index.php:0
[04-Mar-2019 12:39:23 UTC] PHP Notice:  Undefined index: id in C:\Users\luc-a\Desktop\Universita\Basididati\project\source\login\index.php on line 24
[04-Mar-2019 12:39:23 UTC] PHP Stack trace:
[04-Mar-2019 12:39:23 UTC] PHP   1. {main}() C:\Users\luc-a\Desktop\Universita\Basididati\project\source\login\index.php:0
[04-Mar-2019 12:39:33 UTC] PHP Notice:  Undefined index: HTTP_REFERER in C:\Users\luc-a\Desktop\Universita\Basididati\project\source\login\index.php on line 10
[04-Mar-2019 12:39:33 UTC] PHP Stack trace:
[04-Mar-2019 12:39:33 UTC] PHP   1. {main}() C:\Users\luc-a\Desktop\Universita\Basididati\project\source\login\index.php:0
[04-Mar-2019 12:41:32 UTC] PHP Notice:  Undefined index: HTTP_REFERER in C:\Users\luc-a\Desktop\Universita\Basididati\project\source\login\index.php on line 10
[04-Mar-2019 12:41:32 UTC] PHP Stack trace:
[04-Mar-2019 12:41:32 UTC] PHP   1. {main}() C:\Users\luc-a\Desktop\Universita\Basididati\project\source\login\index.php:0
[04-Mar-2019 12:41:37 UTC] PHP Notice:  Undefined index: HTTP_REFERER in C:\Users\luc-a\Desktop\Universita\Basididati\project\source\login\index.php on line 10
[04-Mar-2019 12:41:37 UTC] PHP Stack trace:
[04-Mar-2019 12:41:37 UTC] PHP   1. {main}() C:\Users\luc-a\Desktop\Universita\Basididati\project\source\login\index.php:0
[04-Mar-2019 12:41:37 UTC] PHP Notice:  Undefined index: id in C:\Users\luc-a\Desktop\Universita\Basididati\project\source\login\index.php on line 24
[04-Mar-2019 12:41:37 UTC] PHP Stack trace:
[04-Mar-2019 12:41:37 UTC] PHP   1. {main}() C:\Users\luc-a\Desktop\Universita\Basididati\project\source\login\index.php:0
[04-Mar-2019 12:43:27 UTC] PHP Notice:  Undefined index: HTTP_REFERER in C:\Users\luc-a\Desktop\Universita\Basididati\project\source\login\index.php on line 10
[04-Mar-2019 12:43:27 UTC] PHP Stack trace:
[04-Mar-2019 12:43:27 UTC] PHP   1. {main}() C:\Users\luc-a\Desktop\Universita\Basididati\project\source\login\index.php:0
[04-Mar-2019 12:43:27 UTC] PHP Notice:  Undefined index: id in C:\Users\luc-a\Desktop\Universita\Basididati\project\source\login\index.php on line 24
[04-Mar-2019 12:43:27 UTC] PHP Stack trace:
[04-Mar-2019 12:43:27 UTC] PHP   1. {main}() C:\Users\luc-a\Desktop\Universita\Basididati\project\source\login\index.php:0
[04-Mar-2019 12:43:35 UTC] PHP Notice:  Undefined index: HTTP_REFERER in C:\Users\luc-a\Desktop\Universita\Basididati\project\source\login\index.php on line 10
[04-Mar-2019 12:43:35 UTC] PHP Stack trace:
[04-Mar-2019 12:43:35 UTC] PHP   1. {main}() C:\Users\luc-a\Desktop\Universita\Basididati\project\source\login\index.php:0
[04-Mar-2019 12:44:02 UTC] PHP Notice:  Undefined index: HTTP_REFERER in C:\Users\luc-a\Desktop\Universita\Basididati\project\source\login\index.php on line 10
[04-Mar-2019 12:44:02 UTC] PHP Stack trace:
[04-Mar-2019 12:44:02 UTC] PHP   1. {main}() C:\Users\luc-a\Desktop\Universita\Basididati\project\source\login\index.php:0
[04-Mar-2019 12:45:43 UTC] PHP Notice:  Undefined index: HTTP_REFERER in C:\Users\luc-a\Desktop\Universita\Basididati\project\source\login\index.php on line 10
[04-Mar-2019 12:45:43 UTC] PHP Stack trace:
[04-Mar-2019 12:45:43 UTC] PHP   1. {main}() C:\Users\luc-a\Desktop\Universita\Basididati\project\source\login\index.php:0
[04-Mar-2019 12:45:43 UTC] PHP Notice:  Undefined index: id in C:\Users\luc-a\Desktop\Universita\Basididati\project\source\login\index.php on line 24
[04-Mar-2019 12:45:43 UTC] PHP Stack trace:
[04-Mar-2019 12:45:43 UTC] PHP   1. {main}() C:\Users\luc-a\Desktop\Universita\Basididati\project\source\login\index.php:0
[04-Mar-2019 12:45:55 UTC] PHP Notice:  Undefined index: HTTP_REFERER in C:\Users\luc-a\Desktop\Universita\Basididati\project\source\login\index.php on line 10
[04-Mar-2019 12:45:55 UTC] PHP Stack trace:
[04-Mar-2019 12:45:55 UTC] PHP   1. {main}() C:\Users\luc-a\Desktop\Universita\Basididati\project\source\login\index.php:0
[04-Mar-2019 12:45:55 UTC] PHP Notice:  Undefined index: id in C:\Users\luc-a\Desktop\Universita\Basididati\project\source\login\index.php on line 24
[04-Mar-2019 12:45:55 UTC] PHP Stack trace:
[04-Mar-2019 12:45:55 UTC] PHP   1. {main}() C:\Users\luc-a\Desktop\Universita\Basididati\project\source\login\index.php:0
[04-Mar-2019 12:46:16 UTC] PHP Notice:  Undefined index: HTTP_REFERER in C:\Users\luc-a\Desktop\Universita\Basididati\project\source\login\index.php on line 10
[04-Mar-2019 12:46:16 UTC] PHP Stack trace:
[04-Mar-2019 12:46:16 UTC] PHP   1. {main}() C:\Users\luc-a\Desktop\Universita\Basididati\project\source\login\index.php:0
[04-Mar-2019 12:46:16 UTC] PHP Notice:  Undefined index: HTTP_REFERER in C:\Users\luc-a\Desktop\Universita\Basididati\project\source\login\index.php on line 10
[04-Mar-2019 12:46:16 UTC] PHP Stack trace:
[04-Mar-2019 12:46:16 UTC] PHP   1. {main}() C:\Users\luc-a\Desktop\Universita\Basididati\project\source\login\index.php:0
[04-Mar-2019 12:55:01 UTC] PHP Notice:  Undefined index: HTTP_REFERER in C:\Users\luc-a\Desktop\Universita\Basididati\project\source\login\index.php on line 10
[04-Mar-2019 12:55:01 UTC] PHP Stack trace:
[04-Mar-2019 12:55:01 UTC] PHP   1. {main}() C:\Users\luc-a\Desktop\Universita\Basididati\project\source\login\index.php:0
[04-Mar-2019 12:55:04 UTC] PHP Notice:  Undefined index: HTTP_REFERER in C:\Users\luc-a\Desktop\Universita\Basididati\project\source\login\index.php on line 10
[04-Mar-2019 12:55:04 UTC] PHP Stack trace:
[04-Mar-2019 12:55:04 UTC] PHP   1. {main}() C:\Users\luc-a\Desktop\Universita\Basididati\project\source\login\index.php:0
[04-Mar-2019 12:55:08 UTC] PHP Notice:  Undefined index: HTTP_REFERER in C:\Users\luc-a\Desktop\Universita\Basididati\project\source\login\index.php on line 10
[04-Mar-2019 12:55:08 UTC] PHP Stack trace:
[04-Mar-2019 12:55:08 UTC] PHP   1. {main}() C:\Users\luc-a\Desktop\Universita\Basididati\project\source\login\index.php:0
[04-Mar-2019 12:57:21 UTC] PHP Notice:  Undefined index: HTTP_REFERER in C:\Users\luc-a\Desktop\Universita\Basididati\project\source\login\index.php on line 10
[04-Mar-2019 12:57:21 UTC] PHP Stack trace:
[04-Mar-2019 12:57:21 UTC] PHP   1. {main}() C:\Users\luc-a\Desktop\Universita\Basididati\project\source\login\index.php:0
[04-Mar-2019 12:58:11 UTC] PHP Notice:  Undefined index: HTTP_REFERER in C:\Users\luc-a\Desktop\Universita\Basididati\project\source\login\index.php on line 10
[04-Mar-2019 12:58:11 UTC] PHP Stack trace:
[04-Mar-2019 12:58:11 UTC] PHP   1. {main}() C:\Users\luc-a\Desktop\Universita\Basididati\project\source\login\index.php:0
[04-Mar-2019 12:58:12 UTC] PHP Notice:  Undefined index: HTTP_REFERER in C:\Users\luc-a\Desktop\Universita\Basididati\project\source\login\index.php on line 10
[04-Mar-2019 12:58:12 UTC] PHP Stack trace:
[04-Mar-2019 12:58:12 UTC] PHP   1. {main}() C:\Users\luc-a\Desktop\Universita\Basididati\project\source\login\index.php:0
[04-Mar-2019 13:00:15 UTC] PHP Notice:  Undefined index: HTTP_REFERER in C:\Users\luc-a\Desktop\Universita\Basididati\project\source\login\index.php on line 10
[04-Mar-2019 13:00:15 UTC] PHP Stack trace:
[04-Mar-2019 13:00:15 UTC] PHP   1. {main}() C:\Users\luc-a\Desktop\Universita\Basididati\project\source\login\index.php:0
[04-Mar-2019 13:00:15 UTC] PHP Notice:  Undefined index: id in C:\Users\luc-a\Desktop\Universita\Basididati\project\source\login\index.php on line 24
[04-Mar-2019 13:00:15 UTC] PHP Stack trace:
[04-Mar-2019 13:00:15 UTC] PHP   1. {main}() C:\Users\luc-a\Desktop\Universita\Basididati\project\source\login\index.php:0
[04-Mar-2019 13:00:16 UTC] PHP Notice:  Undefined index: HTTP_REFERER in C:\Users\luc-a\Desktop\Universita\Basididati\project\source\login\index.php on line 10
[04-Mar-2019 13:00:16 UTC] PHP Stack trace:
[04-Mar-2019 13:00:16 UTC] PHP   1. {main}() C:\Users\luc-a\Desktop\Universita\Basididati\project\source\login\index.php:0
[04-Mar-2019 13:00:16 UTC] PHP Notice:  Undefined index: id in C:\Users\luc-a\Desktop\Universita\Basididati\project\source\login\index.php on line 24
[04-Mar-2019 13:00:16 UTC] PHP Stack trace:
[04-Mar-2019 13:00:16 UTC] PHP   1. {main}() C:\Users\luc-a\Desktop\Universita\Basididati\project\source\login\index.php:0
[04-Mar-2019 13:01:02 UTC] PHP Notice:  Undefined index: HTTP_REFERER in C:\Users\luc-a\Desktop\Universita\Basididati\project\source\login\index.php on line 10
[04-Mar-2019 13:01:02 UTC] PHP Stack trace:
[04-Mar-2019 13:01:02 UTC] PHP   1. {main}() C:\Users\luc-a\Desktop\Universita\Basididati\project\source\login\index.php:0
[04-Mar-2019 13:01:02 UTC] PHP Notice:  Undefined index: id in C:\Users\luc-a\Desktop\Universita\Basididati\project\source\login\index.php on line 24
[04-Mar-2019 13:01:02 UTC] PHP Stack trace:
[04-Mar-2019 13:01:02 UTC] PHP   1. {main}() C:\Users\luc-a\Desktop\Universita\Basididati\project\source\login\index.php:0
[04-Mar-2019 13:02:04 UTC] PHP Notice:  Undefined index: HTTP_REFERER in C:\Users\luc-a\Desktop\Universita\Basididati\project\source\login\index.php on line 10
[04-Mar-2019 13:02:04 UTC] PHP Stack trace:
[04-Mar-2019 13:02:04 UTC] PHP   1. {main}() C:\Users\luc-a\Desktop\Universita\Basididati\project\source\login\index.php:0
[04-Mar-2019 13:02:04 UTC] PHP Notice:  Undefined index: id in C:\Users\luc-a\Desktop\Universita\Basididati\project\source\login\index.php on line 24
[04-Mar-2019 13:02:04 UTC] PHP Stack trace:
[04-Mar-2019 13:02:04 UTC] PHP   1. {main}() C:\Users\luc-a\Desktop\Universita\Basididati\project\source\login\index.php:0
[04-Mar-2019 13:04:05 UTC] PHP Notice:  Undefined index: HTTP_REFERER in C:\Users\luc-a\Desktop\Universita\Basididati\project\source\login\index.php on line 10
[04-Mar-2019 13:04:05 UTC] PHP Stack trace:
[04-Mar-2019 13:04:05 UTC] PHP   1. {main}() C:\Users\luc-a\Desktop\Universita\Basididati\project\source\login\index.php:0
[04-Mar-2019 13:04:05 UTC] PHP Notice:  Undefined index: id in C:\Users\luc-a\Desktop\Universita\Basididati\project\source\login\index.php on line 24
[04-Mar-2019 13:04:05 UTC] PHP Stack trace:
[04-Mar-2019 13:04:05 UTC] PHP   1. {main}() C:\Users\luc-a\Desktop\Universita\Basididati\project\source\login\index.php:0
[04-Mar-2019 13:09:15 UTC] PHP Notice:  Undefined index: HTTP_REFERER in C:\Users\luc-a\Desktop\Universita\Basididati\project\source\login\index.php on line 10
[04-Mar-2019 13:09:15 UTC] PHP Stack trace:
[04-Mar-2019 13:09:15 UTC] PHP   1. {main}() C:\Users\luc-a\Desktop\Universita\Basididati\project\source\login\index.php:0
[04-Mar-2019 13:09:15 UTC] PHP Notice:  Undefined index: id in C:\Users\luc-a\Desktop\Universita\Basididati\project\source\login\index.php on line 24
[04-Mar-2019 13:09:15 UTC] PHP Stack trace:
[04-Mar-2019 13:09:15 UTC] PHP   1. {main}() C:\Users\luc-a\Desktop\Universita\Basididati\project\source\login\index.php:0
[04-Mar-2019 13:09:18 UTC] PHP Notice:  Undefined index: HTTP_REFERER in C:\Users\luc-a\Desktop\Universita\Basididati\project\source\login\index.php on line 10
[04-Mar-2019 13:09:18 UTC] PHP Stack trace:
[04-Mar-2019 13:09:18 UTC] PHP   1. {main}() C:\Users\luc-a\Desktop\Universita\Basididati\project\source\login\index.php:0
[04-Mar-2019 13:09:18 UTC] PHP Notice:  Undefined index: id in C:\Users\luc-a\Desktop\Universita\Basididati\project\source\login\index.php on line 24
[04-Mar-2019 13:09:18 UTC] PHP Stack trace:
[04-Mar-2019 13:09:18 UTC] PHP   1. {main}() C:\Users\luc-a\Desktop\Universita\Basididati\project\source\login\index.php:0
[04-Mar-2019 13:09:21 UTC] PHP Notice:  Undefined index: HTTP_REFERER in C:\Users\luc-a\Desktop\Universita\Basididati\project\source\login\index.php on line 10
[04-Mar-2019 13:09:21 UTC] PHP Stack trace:
[04-Mar-2019 13:09:21 UTC] PHP   1. {main}() C:\Users\luc-a\Desktop\Universita\Basididati\project\source\login\index.php:0
[04-Mar-2019 13:09:21 UTC] PHP Notice:  Undefined index: id in C:\Users\luc-a\Desktop\Universita\Basididati\project\source\login\index.php on line 24
[04-Mar-2019 13:09:21 UTC] PHP Stack trace:
[04-Mar-2019 13:09:21 UTC] PHP   1. {main}() C:\Users\luc-a\Desktop\Universita\Basididati\project\source\login\index.php:0
[04-Mar-2019 13:09:32 UTC] PHP Notice:  Undefined index: HTTP_REFERER in C:\Users\luc-a\Desktop\Universita\Basididati\project\source\login\index.php on line 10
[04-Mar-2019 13:09:32 UTC] PHP Stack trace:
[04-Mar-2019 13:09:32 UTC] PHP   1. {main}() C:\Users\luc-a\Desktop\Universita\Basididati\project\source\login\index.php:0
[04-Mar-2019 13:09:32 UTC] PHP Notice:  Undefined index: id in C:\Users\luc-a\Desktop\Universita\Basididati\project\source\login\index.php on line 24
[04-Mar-2019 13:09:32 UTC] PHP Stack trace:
[04-Mar-2019 13:09:32 UTC] PHP   1. {main}() C:\Users\luc-a\Desktop\Universita\Basididati\project\source\login\index.php:0
[04-Mar-2019 13:09:58 UTC] PHP Notice:  Undefined index: HTTP_REFERER in C:\Users\luc-a\Desktop\Universita\Basididati\project\source\login\index.php on line 10
[04-Mar-2019 13:09:58 UTC] PHP Stack trace:
[04-Mar-2019 13:09:58 UTC] PHP   1. {main}() C:\Users\luc-a\Desktop\Universita\Basididati\project\source\login\index.php:0
[04-Mar-2019 13:09:58 UTC] PHP Notice:  Undefined index: id in C:\Users\luc-a\Desktop\Universita\Basididati\project\source\login\index.php on line 24
[04-Mar-2019 13:09:58 UTC] PHP Stack trace:
[04-Mar-2019 13:09:58 UTC] PHP   1. {main}() C:\Users\luc-a\Desktop\Universita\Basididati\project\source\login\index.php:0
[04-Mar-2019 13:10:16 UTC] PHP Notice:  Undefined index: HTTP_REFERER in C:\Users\luc-a\Desktop\Universita\Basididati\project\source\login\index.php on line 10
[04-Mar-2019 13:10:16 UTC] PHP Stack trace:
[04-Mar-2019 13:10:16 UTC] PHP   1. {main}() C:\Users\luc-a\Desktop\Universita\Basididati\project\source\login\index.php:0
[04-Mar-2019 13:10:16 UTC] PHP Notice:  Undefined index: id in C:\Users\luc-a\Desktop\Universita\Basididati\project\source\login\index.php on line 24
[04-Mar-2019 13:10:16 UTC] PHP Stack trace:
[04-Mar-2019 13:10:16 UTC] PHP   1. {main}() C:\Users\luc-a\Desktop\Universita\Basididati\project\source\login\index.php:0
[04-Mar-2019 13:10:17 UTC] PHP Notice:  Undefined index: HTTP_REFERER in C:\Users\luc-a\Desktop\Universita\Basididati\project\source\login\index.php on line 10
[04-Mar-2019 13:10:17 UTC] PHP Stack trace:
[04-Mar-2019 13:10:17 UTC] PHP   1. {main}() C:\Users\luc-a\Desktop\Universita\Basididati\project\source\login\index.php:0
[04-Mar-2019 13:10:17 UTC] PHP Notice:  Undefined index: id in C:\Users\luc-a\Desktop\Universita\Basididati\project\source\login\index.php on line 24
[04-Mar-2019 13:10:17 UTC] PHP Stack trace:
[04-Mar-2019 13:10:17 UTC] PHP   1. {main}() C:\Users\luc-a\Desktop\Universita\Basididati\project\source\login\index.php:0
[04-Mar-2019 13:11:02 UTC] PHP Notice:  Undefined index: HTTP_REFERER in C:\Users\luc-a\Desktop\Universita\Basididati\project\source\login\index.php on line 10
[04-Mar-2019 13:11:02 UTC] PHP Stack trace:
[04-Mar-2019 13:11:02 UTC] PHP   1. {main}() C:\Users\luc-a\Desktop\Universita\Basididati\project\source\login\index.php:0
[04-Mar-2019 13:11:02 UTC] PHP Notice:  Undefined index: id in C:\Users\luc-a\Desktop\Universita\Basididati\project\source\login\index.php on line 24
[04-Mar-2019 13:11:02 UTC] PHP Stack trace:
[04-Mar-2019 13:11:02 UTC] PHP   1. {main}() C:\Users\luc-a\Desktop\Universita\Basididati\project\source\login\index.php:0
[04-Mar-2019 13:18:47 UTC] PHP Notice:  Undefined index: HTTP_REFERER in C:\Users\luc-a\Desktop\Universita\Basididati\project\source\login\index.php on line 10
[04-Mar-2019 13:18:47 UTC] PHP Stack trace:
[04-Mar-2019 13:18:47 UTC] PHP   1. {main}() C:\Users\luc-a\Desktop\Universita\Basididati\project\source\login\index.php:0
[04-Mar-2019 13:23:26 UTC] PHP Notice:  Undefined index: HTTP_REFERER in C:\Users\luc-a\Desktop\Universita\Basididati\project\source\login\index.php on line 10
[04-Mar-2019 13:23:26 UTC] PHP Stack trace:
[04-Mar-2019 13:23:26 UTC] PHP   1. {main}() C:\Users\luc-a\Desktop\Universita\Basididati\project\source\login\index.php:0
[04-Mar-2019 13:23:27 UTC] PHP Notice:  Undefined index: HTTP_REFERER in C:\Users\luc-a\Desktop\Universita\Basididati\project\source\login\index.php on line 10
[04-Mar-2019 13:23:27 UTC] PHP Stack trace:
[04-Mar-2019 13:23:27 UTC] PHP   1. {main}() C:\Users\luc-a\Desktop\Universita\Basididati\project\source\login\index.php:0
[04-Mar-2019 15:06:21 UTC] PHP Notice:  Undefined index: HTTP_REFERER in C:\Users\luc-a\Desktop\Universita\Basididati\project\source\login\index.php on line 10
[04-Mar-2019 15:06:21 UTC] PHP Stack trace:
[04-Mar-2019 15:06:21 UTC] PHP   1. {main}() C:\Users\luc-a\Desktop\Universita\Basididati\project\source\login\index.php:0
[04-Mar-2019 20:49:39 UTC] PHP Warning:  array_pop() expects parameter 1 to be array, null given in C:\Users\luc-a\Desktop\Universita\Basididati\project\source\login\index.php on line 28
[04-Mar-2019 20:49:39 UTC] PHP Stack trace:
[04-Mar-2019 20:49:39 UTC] PHP   1. {main}() C:\Users\luc-a\Desktop\Universita\Basididati\project\source\login\index.php:0
[04-Mar-2019 20:49:39 UTC] PHP   2. array_pop() C:\Users\luc-a\Desktop\Universita\Basididati\project\source\login\index.php:28
[04-Mar-2019 22:18:30 UTC] PHP Warning:  Invalid argument supplied for foreach() in C:\Users\luc-a\Desktop\Universita\Basididati\project\source\utils.php on line 7
[04-Mar-2019 22:18:30 UTC] PHP Stack trace:
[04-Mar-2019 22:18:30 UTC] PHP   1. {main}() C:\Users\luc-a\Desktop\Universita\Basididati\project\source\login\index.php:0
[04-Mar-2019 22:18:30 UTC] PHP   2. relativePath() C:\Users\luc-a\Desktop\Universita\Basididati\project\source\login\index.php:26
[04-Mar-2019 22:18:30 UTC] PHP Warning:  Invalid argument supplied for foreach() in C:\Users\luc-a\Desktop\Universita\Basididati\project\source\utils.php on line 7
[04-Mar-2019 22:18:30 UTC] PHP Stack trace:
[04-Mar-2019 22:18:30 UTC] PHP   1. {main}() C:\Users\luc-a\Desktop\Universita\Basididati\project\source\login\index.php:0
[04-Mar-2019 22:18:30 UTC] PHP   2. relativePath() C:\Users\luc-a\Desktop\Universita\Basididati\project\source\login\index.php:26
[04-Mar-2019 22:18:30 UTC] PHP Warning:  Invalid argument supplied for foreach() in C:\Users\luc-a\Desktop\Universita\Basididati\project\source\utils.php on line 7
[04-Mar-2019 22:18:30 UTC] PHP Stack trace:
[04-Mar-2019 22:18:30 UTC] PHP   1. {main}() C:\Users\luc-a\Desktop\Universita\Basididati\project\source\login\index.php:0
[04-Mar-2019 22:18:30 UTC] PHP   2. relativePath() C:\Users\luc-a\Desktop\Universita\Basididati\project\source\login\index.php:26
[04-Mar-2019 22:18:30 UTC] PHP Warning:  Invalid argument supplied for foreach() in C:\Users\luc-a\Desktop\Universita\Basididati\project\source\utils.php on line 7
[04-Mar-2019 22:18:30 UTC] PHP Stack trace:
[04-Mar-2019 22:18:30 UTC] PHP   1. {main}() C:\Users\luc-a\Desktop\Universita\Basididati\project\source\login\index.php:0
[04-Mar-2019 22:18:30 UTC] PHP   2. relativePath() C:\Users\luc-a\Desktop\Universita\Basididati\project\source\login\index.php:26
[04-Mar-2019 22:18:30 UTC] PHP Warning:  Invalid argument supplied for foreach() in C:\Users\luc-a\Desktop\Universita\Basididati\project\source\utils.php on line 7
[04-Mar-2019 22:18:30 UTC] PHP Stack trace:
[04-Mar-2019 22:18:30 UTC] PHP   1. {main}() C:\Users\luc-a\Desktop\Universita\Basididati\project\source\login\index.php:0
[04-Mar-2019 22:18:30 UTC] PHP   2. relativePath() C:\Users\luc-a\Desktop\Universita\Basididati\project\source\login\index.php:26
[04-Mar-2019 22:18:30 UTC] PHP Warning:  Invalid argument supplied for foreach() in C:\Users\luc-a\Desktop\Universita\Basididati\project\source\utils.php on line 7
[04-Mar-2019 22:18:30 UTC] PHP Stack trace:
[04-Mar-2019 22:18:30 UTC] PHP   1. {main}() C:\Users\luc-a\Desktop\Universita\Basididati\project\source\login\index.php:0
[04-Mar-2019 22:18:30 UTC] PHP   2. relativePath() C:\Users\luc-a\Desktop\Universita\Basididati\project\source\login\index.php:26
[04-Mar-2019 22:18:30 UTC] PHP Warning:  Invalid argument supplied for foreach() in C:\Users\luc-a\Desktop\Universita\Basididati\project\source\utils.php on line 7
[04-Mar-2019 22:18:30 UTC] PHP Stack trace:
[04-Mar-2019 22:18:30 UTC] PHP   1. {main}() C:\Users\luc-a\Desktop\Universita\Basididati\project\source\login\index.php:0
[04-Mar-2019 22:18:30 UTC] PHP   2. relativePath() C:\Users\luc-a\Desktop\Universita\Basididati\project\source\login\index.php:26
[04-Mar-2019 22:18:30 UTC] PHP Warning:  Invalid argument supplied for foreach() in C:\Users\luc-a\Desktop\Universita\Basididati\project\source\utils.php on line 7
[04-Mar-2019 22:18:30 UTC] PHP Stack trace:
[04-Mar-2019 22:18:30 UTC] PHP   1. {main}() C:\Users\luc-a\Desktop\Universita\Basididati\project\source\login\index.php:0
[04-Mar-2019 22:18:30 UTC] PHP   2. relativePath() C:\Users\luc-a\Desktop\Universita\Basididati\project\source\login\index.php:26
[04-Mar-2019 22:18:30 UTC] PHP Warning:  implode(): Invalid arguments passed in C:\Users\luc-a\Desktop\Universita\Basididati\project\source\utils.php on line 13
[04-Mar-2019 22:18:30 UTC] PHP Stack trace:
[04-Mar-2019 22:18:30 UTC] PHP   1. {main}() C:\Users\luc-a\Desktop\Universita\Basididati\project\source\login\index.php:0
[04-Mar-2019 22:18:30 UTC] PHP   2. relativePath() C:\Users\luc-a\Desktop\Universita\Basididati\project\source\login\index.php:26
[04-Mar-2019 22:18:30 UTC] PHP   3. implode() C:\Users\luc-a\Desktop\Universita\Basididati\project\source\utils.php:13
[04-Mar-2019 22:22:48 UTC] PHP Warning:  require_once(C:/Users/luc-a/Desktop/Universita/Basididati/project/source/i18n.php): failed to open stream: No such file or directory in C:\Users\luc-a\Desktop\Universita\Basididati\project\source\templates\template_file.php on line 6
[04-Mar-2019 22:22:48 UTC] PHP Stack trace:
[04-Mar-2019 22:22:48 UTC] PHP   1. {main}() C:\Users\luc-a\Desktop\Universita\Basididati\project\source\login\index.php:0
[04-Mar-2019 22:22:48 UTC] PHP   2. require_once() C:\Users\luc-a\Desktop\Universita\Basididati\project\source\login\index.php:7
[04-Mar-2019 22:22:48 UTC] PHP Fatal error:  require_once(): Failed opening required 'C:/Users/luc-a/Desktop/Universita/Basididati/project/source/i18n.php' (include_path='.;C:\php\pear') in C:\Users\luc-a\Desktop\Universita\Basididati\project\source\templates\template_file.php on line 6
[04-Mar-2019 22:22:48 UTC] PHP Stack trace:
[04-Mar-2019 22:22:48 UTC] PHP   1. {main}() C:\Users\luc-a\Desktop\Universita\Basididati\project\source\login\index.php:0
[04-Mar-2019 22:22:48 UTC] PHP   2. require_once() C:\Users\luc-a\Desktop\Universita\Basididati\project\source\login\index.php:7
[04-Mar-2019 22:26:15 UTC] PHP Warning:  require_once(C:/Users/luc-a/Desktop/Universita/Basididati/project/source/i18n.php): failed to open stream: No such file or directory in C:\Users\luc-a\Desktop\Universita\Basididati\project\source\templates\template_file.php on line 6
[04-Mar-2019 22:26:15 UTC] PHP Stack trace:
[04-Mar-2019 22:26:15 UTC] PHP   1. {main}() C:\Users\luc-a\Desktop\Universita\Basididati\project\source\login\index.php:0
[04-Mar-2019 22:26:15 UTC] PHP   2. require_once() C:\Users\luc-a\Desktop\Universita\Basididati\project\source\login\index.php:7
[04-Mar-2019 22:26:15 UTC] PHP Fatal error:  require_once(): Failed opening required 'C:/Users/luc-a/Desktop/Universita/Basididati/project/source/i18n.php' (include_path='.;C:\php\pear') in C:\Users\luc-a\Desktop\Universita\Basididati\project\source\templates\template_file.php on line 6
[04-Mar-2019 22:26:15 UTC] PHP Stack trace:
[04-Mar-2019 22:26:15 UTC] PHP   1. {main}() C:\Users\luc-a\Desktop\Universita\Basididati\project\source\login\index.php:0
[04-Mar-2019 22:26:15 UTC] PHP   2. require_once() C:\Users\luc-a\Desktop\Universita\Basididati\project\source\login\index.php:7
[04-Mar-2019 22:26:31 UTC] PHP Warning:  require_once(C:/Users/luc-a/Desktop/Universita/Basididati/project/source/i18n.php): failed to open stream: No such file or directory in C:\Users\luc-a\Desktop\Universita\Basididati\project\source\templates\template_file.php on line 6
[04-Mar-2019 22:26:31 UTC] PHP Stack trace:
[04-Mar-2019 22:26:31 UTC] PHP   1. {main}() C:\Users\luc-a\Desktop\Universita\Basididati\project\source\login\index.php:0
[04-Mar-2019 22:26:31 UTC] PHP   2. require_once() C:\Users\luc-a\Desktop\Universita\Basididati\project\source\login\index.php:7
[04-Mar-2019 22:26:31 UTC] PHP Fatal error:  require_once(): Failed opening required 'C:/Users/luc-a/Desktop/Universita/Basididati/project/source/i18n.php' (include_path='.;C:\php\pear') in C:\Users\luc-a\Desktop\Universita\Basididati\project\source\templates\template_file.php on line 6
[04-Mar-2019 22:26:31 UTC] PHP Stack trace:
[04-Mar-2019 22:26:31 UTC] PHP   1. {main}() C:\Users\luc-a\Desktop\Universita\Basididati\project\source\login\index.php:0
[04-Mar-2019 22:26:31 UTC] PHP   2. require_once() C:\Users\luc-a\Desktop\Universita\Basididati\project\source\login\index.php:7
[04-Mar-2019 23:05:36 UTC] PHP Warning:  require_once(C:/Users/luc-a/Desktop/Universita/Basididati/project/source/private/template_file.php): failed to open stream: No such file or directory in C:\Users\luc-a\Desktop\Universita\Basididati\project\source\private\utils.php on line 6
[04-Mar-2019 23:05:36 UTC] PHP Stack trace:
[04-Mar-2019 23:05:36 UTC] PHP   1. {main}() C:\Users\luc-a\Desktop\Universita\Basididati\project\source\login\index.php:0
[04-Mar-2019 23:05:36 UTC] PHP   2. require_once() C:\Users\luc-a\Desktop\Universita\Basididati\project\source\login\index.php:7
[04-Mar-2019 23:05:36 UTC] PHP   3. require_once() C:\Users\luc-a\Desktop\Universita\Basididati\project\source\templates\template_file.php:7
[04-Mar-2019 23:05:36 UTC] PHP Fatal error:  require_once(): Failed opening required 'C:/Users/luc-a/Desktop/Universita/Basididati/project/source/private/template_file.php' (include_path='.;C:\php\pear') in C:\Users\luc-a\Desktop\Universita\Basididati\project\source\private\utils.php on line 6
[04-Mar-2019 23:05:36 UTC] PHP Stack trace:
[04-Mar-2019 23:05:36 UTC] PHP   1. {main}() C:\Users\luc-a\Desktop\Universita\Basididati\project\source\login\index.php:0
[04-Mar-2019 23:05:36 UTC] PHP   2. require_once() C:\Users\luc-a\Desktop\Universita\Basididati\project\source\login\index.php:7
[04-Mar-2019 23:05:36 UTC] PHP   3. require_once() C:\Users\luc-a\Desktop\Universita\Basididati\project\source\templates\template_file.php:7
[04-Mar-2019 23:08:58 UTC] PHP Notice:  Undefined variable: title in C:\Users\luc-a\Desktop\Universita\Basididati\project\source\login\index.php on line 27
[04-Mar-2019 23:08:58 UTC] PHP Stack trace:
[04-Mar-2019 23:08:58 UTC] PHP   1. {main}() C:\Users\luc-a\Desktop\Universita\Basididati\project\source\login\index.php:0
[04-Mar-2019 23:08:58 UTC] PHP Notice:  Array to string conversion in C:\Users\luc-a\Desktop\Universita\Basididati\project\source\login\index.php on line 28
[04-Mar-2019 23:08:58 UTC] PHP Stack trace:
[04-Mar-2019 23:08:58 UTC] PHP   1. {main}() C:\Users\luc-a\Desktop\Universita\Basididati\project\source\login\index.php:0
[04-Mar-2019 23:08:58 UTC] PHP Notice:  Undefined variable: body in C:\Users\luc-a\Desktop\Universita\Basididati\project\source\login\index.php on line 29
[04-Mar-2019 23:08:58 UTC] PHP Stack trace:
[04-Mar-2019 23:08:58 UTC] PHP   1. {main}() C:\Users\luc-a\Desktop\Universita\Basididati\project\source\login\index.php:0
[04-Mar-2019 23:08:58 UTC] PHP Fatal error:  Uncaught TypeError: Argument 1 passed to template\renderPageTest() must be an instance of template\PageModel, instance of PageModel given, called in C:\Users\luc-a\Desktop\Universita\Basididati\project\source\login\index.php on line 31 and defined in C:\Users\luc-a\Desktop\Universita\Basididati\project\source\templates\template_file.php:49
Stack trace:
#0 C:\Users\luc-a\Desktop\Universita\Basididati\project\source\login\index.php(31): template\renderPageTest(Object(PageModel))
#1 {main}
  thrown in C:\Users\luc-a\Desktop\Universita\Basididati\project\source\templates\template_file.php on line 49
[04-Mar-2019 23:09:46 UTC] PHP Fatal error:  Uncaught TypeError: Argument 1 passed to template\renderPageTest() must be an instance of template\PageModel, instance of PageModel given, called in C:\Users\luc-a\Desktop\Universita\Basididati\project\source\login\index.php on line 31 and defined in C:\Users\luc-a\Desktop\Universita\Basididati\project\source\templates\template_file.php:49
Stack trace:
#0 C:\Users\luc-a\Desktop\Universita\Basididati\project\source\login\index.php(31): template\renderPageTest(Object(PageModel))
#1 {main}
  thrown in C:\Users\luc-a\Desktop\Universita\Basididati\project\source\templates\template_file.php on line 49
[04-Mar-2019 23:12:58 UTC] PHP Notice:  Undefined variable: template in C:\Users\luc-a\Desktop\Universita\Basididati\project\source\templates\template_file.php on line 50
[04-Mar-2019 23:12:58 UTC] PHP Stack trace:
[04-Mar-2019 23:12:58 UTC] PHP   1. {main}() C:\Users\luc-a\Desktop\Universita\Basididati\project\source\login\index.php:0
[04-Mar-2019 23:12:58 UTC] PHP   2. template\renderPageTest() C:\Users\luc-a\Desktop\Universita\Basididati\project\source\login\index.php:31
[04-Mar-2019 23:12:58 UTC] PHP Notice:  Undefined property: PageModel::$ in C:\Users\luc-a\Desktop\Universita\Basididati\project\source\templates\template_file.php on line 50
[04-Mar-2019 23:12:58 UTC] PHP Stack trace:
[04-Mar-2019 23:12:58 UTC] PHP   1. {main}() C:\Users\luc-a\Desktop\Universita\Basididati\project\source\login\index.php:0
[04-Mar-2019 23:12:58 UTC] PHP   2. template\renderPageTest() C:\Users\luc-a\Desktop\Universita\Basididati\project\source\login\index.php:31
[04-Mar-2019 23:12:58 UTC] PHP Warning:  require_once(C:\Users\luc-a\Desktop\Universita\Basididati\project\source): failed to open stream: Permission denied in C:\Users\luc-a\Desktop\Universita\Basididati\project\source\templates\template_file.php on line 11
[04-Mar-2019 23:12:58 UTC] PHP Stack trace:
[04-Mar-2019 23:12:58 UTC] PHP   1. {main}() C:\Users\luc-a\Desktop\Universita\Basididati\project\source\login\index.php:0
[04-Mar-2019 23:12:58 UTC] PHP   2. template\renderPageTest() C:\Users\luc-a\Desktop\Universita\Basididati\project\source\login\index.php:31
[04-Mar-2019 23:12:58 UTC] PHP   3. template\renderTemplate() C:\Users\luc-a\Desktop\Universita\Basididati\project\source\templates\template_file.php:50
[04-Mar-2019 23:12:58 UTC] PHP   4. template\setUpTemplate() C:\Users\luc-a\Desktop\Universita\Basididati\project\source\templates\template_file.php:25
[04-Mar-2019 23:12:58 UTC] PHP Fatal error:  require_once(): Failed opening required 'C:/Users/luc-a/Desktop/Universita/Basididati/project/source' (include_path='.;C:\php\pear') in C:\Users\luc-a\Desktop\Universita\Basididati\project\source\templates\template_file.php on line 11
[04-Mar-2019 23:12:58 UTC] PHP Stack trace:
[04-Mar-2019 23:12:58 UTC] PHP   1. {main}() C:\Users\luc-a\Desktop\Universita\Basididati\project\source\login\index.php:0
[04-Mar-2019 23:12:58 UTC] PHP   2. template\renderPageTest() C:\Users\luc-a\Desktop\Universita\Basididati\project\source\login\index.php:31
[04-Mar-2019 23:12:58 UTC] PHP   3. template\renderTemplate() C:\Users\luc-a\Desktop\Universita\Basididati\project\source\templates\template_file.php:50
[04-Mar-2019 23:12:58 UTC] PHP   4. template\setUpTemplate() C:\Users\luc-a\Desktop\Universita\Basididati\project\source\templates\template_file.php:25
[04-Mar-2019 23:13:14 UTC] PHP Notice:  Undefined property: PageModel::$template in C:\Users\luc-a\Desktop\Universita\Basididati\project\source\templates\template_file.php on line 50
[04-Mar-2019 23:13:14 UTC] PHP Stack trace:
[04-Mar-2019 23:13:14 UTC] PHP   1. {main}() C:\Users\luc-a\Desktop\Universita\Basididati\project\source\login\index.php:0
[04-Mar-2019 23:13:14 UTC] PHP   2. template\renderPageTest() C:\Users\luc-a\Desktop\Universita\Basididati\project\source\login\index.php:31
[04-Mar-2019 23:13:14 UTC] PHP Warning:  require_once(C:\Users\luc-a\Desktop\Universita\Basididati\project\source): failed to open stream: Permission denied in C:\Users\luc-a\Desktop\Universita\Basididati\project\source\templates\template_file.php on line 11
[04-Mar-2019 23:13:14 UTC] PHP Stack trace:
[04-Mar-2019 23:13:14 UTC] PHP   1. {main}() C:\Users\luc-a\Desktop\Universita\Basididati\project\source\login\index.php:0
[04-Mar-2019 23:13:14 UTC] PHP   2. template\renderPageTest() C:\Users\luc-a\Desktop\Universita\Basididati\project\source\login\index.php:31
[04-Mar-2019 23:13:14 UTC] PHP   3. template\renderTemplate() C:\Users\luc-a\Desktop\Universita\Basididati\project\source\templates\template_file.php:50
[04-Mar-2019 23:13:14 UTC] PHP   4. template\setUpTemplate() C:\Users\luc-a\Desktop\Universita\Basididati\project\source\templates\template_file.php:25
[04-Mar-2019 23:13:14 UTC] PHP Fatal error:  require_once(): Failed opening required 'C:/Users/luc-a/Desktop/Universita/Basididati/project/source' (include_path='.;C:\php\pear') in C:\Users\luc-a\Desktop\Universita\Basididati\project\source\templates\template_file.php on line 11
[04-Mar-2019 23:13:14 UTC] PHP Stack trace:
[04-Mar-2019 23:13:14 UTC] PHP   1. {main}() C:\Users\luc-a\Desktop\Universita\Basididati\project\source\login\index.php:0
[04-Mar-2019 23:13:14 UTC] PHP   2. template\renderPageTest() C:\Users\luc-a\Desktop\Universita\Basididati\project\source\login\index.php:31
[04-Mar-2019 23:13:14 UTC] PHP   3. template\renderTemplate() C:\Users\luc-a\Desktop\Universita\Basididati\project\source\templates\template_file.php:50
[04-Mar-2019 23:13:14 UTC] PHP   4. template\setUpTemplate() C:\Users\luc-a\Desktop\Universita\Basididati\project\source\templates\template_file.php:25
[04-Mar-2019 23:15:28 UTC] PHP Fatal error:  Uncaught Error: Class 'PageModel' not found in C:\Users\luc-a\Desktop\Universita\Basididati\project\source\login\index.php:26
Stack trace:
#0 {main}
  thrown in C:\Users\luc-a\Desktop\Universita\Basididati\project\source\login\index.php on line 26
[04-Mar-2019 23:15:51 UTC] PHP Fatal error:  Uncaught Error: Call to undefined function template\renderPageTest() in C:\Users\luc-a\Desktop\Universita\Basididati\project\source\login\index.php:31
Stack trace:
#0 {main}
  thrown in C:\Users\luc-a\Desktop\Universita\Basididati\project\source\login\index.php on line 31
[04-Mar-2019 23:15:52 UTC] PHP Fatal error:  Uncaught Error: Call to undefined function template\renderPageTest() in C:\Users\luc-a\Desktop\Universita\Basididati\project\source\login\index.php:31
Stack trace:
#0 {main}
  thrown in C:\Users\luc-a\Desktop\Universita\Basididati\project\source\login\index.php on line 31
[04-Mar-2019 23:16:04 UTC] PHP Fatal error:  Uncaught Error: Call to undefined function template\template\addResource() in C:\Users\luc-a\Desktop\Universita\Basididati\project\source\templates\template_file.php:22
Stack trace:
#0 C:\Users\luc-a\Desktop\Universita\Basididati\project\source\templates\template_file.php(59): template\PageModel->getModel()
#1 C:\Users\luc-a\Desktop\Universita\Basididati\project\source\login\index.php(31): template\renderPage(Object(template\PageModel))
#2 {main}
  thrown in C:\Users\luc-a\Desktop\Universita\Basididati\project\source\templates\template_file.php on line 22
[04-Mar-2019 23:27:24 UTC] PHP Fatal error:  Uncaught ArgumentCountError: Too few arguments to function template\setUpTemplate(), 0 passed in C:\Users\luc-a\Desktop\Universita\Basididati\project\source\templates\template_file.php on line 53 and exactly 2 expected in C:\Users\luc-a\Desktop\Universita\Basididati\project\source\templates\template_file.php:57
Stack trace:
#0 C:\Users\luc-a\Desktop\Universita\Basididati\project\source\templates\template_file.php(53): template\setUpTemplate()
#1 C:\Users\luc-a\Desktop\Universita\Basididati\project\source\login\index.php(32): template\PageModel->render()
#2 {main}
  thrown in C:\Users\luc-a\Desktop\Universita\Basididati\project\source\templates\template_file.php on line 57
[04-Mar-2019 23:27:41 UTC] PHP Notice:  Undefined variable: model in C:\Users\luc-a\Desktop\Universita\Basididati\project\source\templates\template_file.php on line 38
[04-Mar-2019 23:27:41 UTC] PHP Stack trace:
[04-Mar-2019 23:27:41 UTC] PHP   1. {main}() C:\Users\luc-a\Desktop\Universita\Basididati\project\source\login\index.php:0
[04-Mar-2019 23:27:41 UTC] PHP   2. template\PageModel->render() C:\Users\luc-a\Desktop\Universita\Basididati\project\source\login\index.php:32
[04-Mar-2019 23:27:41 UTC] PHP   3. template\PageModel->setUpTemplate() C:\Users\luc-a\Desktop\Universita\Basididati\project\source\templates\template_file.php:53
[04-Mar-2019 23:27:41 UTC] PHP Notice:  Trying to get property 'templateFile' of non-object in C:\Users\luc-a\Desktop\Universita\Basididati\project\source\templates\template_file.php on line 38
[04-Mar-2019 23:27:41 UTC] PHP Stack trace:
[04-Mar-2019 23:27:41 UTC] PHP   1. {main}() C:\Users\luc-a\Desktop\Universita\Basididati\project\source\login\index.php:0
[04-Mar-2019 23:27:41 UTC] PHP   2. template\PageModel->render() C:\Users\luc-a\Desktop\Universita\Basididati\project\source\login\index.php:32
[04-Mar-2019 23:27:41 UTC] PHP   3. template\PageModel->setUpTemplate() C:\Users\luc-a\Desktop\Universita\Basididati\project\source\templates\template_file.php:53
[04-Mar-2019 23:27:41 UTC] PHP Warning:  require_once(C:\Users\luc-a\Desktop\Universita\Basididati\project\source): failed to open stream: Permission denied in C:\Users\luc-a\Desktop\Universita\Basididati\project\source\templates\template_file.php on line 38
[04-Mar-2019 23:27:41 UTC] PHP Stack trace:
[04-Mar-2019 23:27:41 UTC] PHP   1. {main}() C:\Users\luc-a\Desktop\Universita\Basididati\project\source\login\index.php:0
[04-Mar-2019 23:27:41 UTC] PHP   2. template\PageModel->render() C:\Users\luc-a\Desktop\Universita\Basididati\project\source\login\index.php:32
[04-Mar-2019 23:27:41 UTC] PHP   3. template\PageModel->setUpTemplate() C:\Users\luc-a\Desktop\Universita\Basididati\project\source\templates\template_file.php:53
[04-Mar-2019 23:27:41 UTC] PHP Fatal error:  require_once(): Failed opening required 'C:/Users/luc-a/Desktop/Universita/Basididati/project/source' (include_path='.;C:\php\pear') in C:\Users\luc-a\Desktop\Universita\Basididati\project\source\templates\template_file.php on line 38
[04-Mar-2019 23:27:41 UTC] PHP Stack trace:
[04-Mar-2019 23:27:41 UTC] PHP   1. {main}() C:\Users\luc-a\Desktop\Universita\Basididati\project\source\login\index.php:0
[04-Mar-2019 23:27:41 UTC] PHP   2. template\PageModel->render() C:\Users\luc-a\Desktop\Universita\Basididati\project\source\login\index.php:32
[04-Mar-2019 23:27:41 UTC] PHP   3. template\PageModel->setUpTemplate() C:\Users\luc-a\Desktop\Universita\Basididati\project\source\templates\template_file.php:53
[04-Mar-2019 23:28:00 UTC] PHP Notice:  Undefined variable: model in C:\Users\luc-a\Desktop\Universita\Basididati\project\source\templates\template_file.php on line 38
[04-Mar-2019 23:28:00 UTC] PHP Stack trace:
[04-Mar-2019 23:28:00 UTC] PHP   1. {main}() C:\Users\luc-a\Desktop\Universita\Basididati\project\source\login\index.php:0
[04-Mar-2019 23:28:00 UTC] PHP   2. template\PageModel->render() C:\Users\luc-a\Desktop\Universita\Basididati\project\source\login\index.php:32
[04-Mar-2019 23:28:00 UTC] PHP   3. template\PageModel->setUpTemplate() C:\Users\luc-a\Desktop\Universita\Basididati\project\source\templates\template_file.php:53
[04-Mar-2019 23:28:00 UTC] PHP Notice:  Trying to get property 'templateFile' of non-object in C:\Users\luc-a\Desktop\Universita\Basididati\project\source\templates\template_file.php on line 38
[04-Mar-2019 23:28:00 UTC] PHP Stack trace:
[04-Mar-2019 23:28:00 UTC] PHP   1. {main}() C:\Users\luc-a\Desktop\Universita\Basididati\project\source\login\index.php:0
[04-Mar-2019 23:28:00 UTC] PHP   2. template\PageModel->render() C:\Users\luc-a\Desktop\Universita\Basididati\project\source\login\index.php:32
[04-Mar-2019 23:28:00 UTC] PHP   3. template\PageModel->setUpTemplate() C:\Users\luc-a\Desktop\Universita\Basididati\project\source\templates\template_file.php:53
[04-Mar-2019 23:28:00 UTC] PHP Warning:  require_once(C:\Users\luc-a\Desktop\Universita\Basididati\project\source): failed to open stream: Permission denied in C:\Users\luc-a\Desktop\Universita\Basididati\project\source\templates\template_file.php on line 38
[04-Mar-2019 23:28:00 UTC] PHP Stack trace:
[04-Mar-2019 23:28:00 UTC] PHP   1. {main}() C:\Users\luc-a\Desktop\Universita\Basididati\project\source\login\index.php:0
[04-Mar-2019 23:28:00 UTC] PHP   2. template\PageModel->render() C:\Users\luc-a\Desktop\Universita\Basididati\project\source\login\index.php:32
[04-Mar-2019 23:28:00 UTC] PHP   3. template\PageModel->setUpTemplate() C:\Users\luc-a\Desktop\Universita\Basididati\project\source\templates\template_file.php:53
[04-Mar-2019 23:28:00 UTC] PHP Fatal error:  require_once(): Failed opening required 'C:/Users/luc-a/Desktop/Universita/Basididati/project/source' (include_path='.;C:\php\pear') in C:\Users\luc-a\Desktop\Universita\Basididati\project\source\templates\template_file.php on line 38
[04-Mar-2019 23:28:00 UTC] PHP Stack trace:
[04-Mar-2019 23:28:00 UTC] PHP   1. {main}() C:\Users\luc-a\Desktop\Universita\Basididati\project\source\login\index.php:0
[04-Mar-2019 23:28:00 UTC] PHP   2. template\PageModel->render() C:\Users\luc-a\Desktop\Universita\Basididati\project\source\login\index.php:32
[04-Mar-2019 23:28:00 UTC] PHP   3. template\PageModel->setUpTemplate() C:\Users\luc-a\Desktop\Universita\Basididati\project\source\templates\template_file.php:53
[04-Mar-2019 23:28:16 UTC] PHP Fatal error:  Uncaught Error: Call to undefined function template\generateStaticModel() in C:\Users\luc-a\Desktop\Universita\Basididati\project\source\templates\template_file.php:31
Stack trace:
#0 C:\Users\luc-a\Desktop\Universita\Basididati\project\source\templates\template_file.php(43): template\PageModel->getModel()
#1 C:\Users\luc-a\Desktop\Universita\Basididati\project\source\templates\template_file.php(53): template\PageModel->setUpTemplate()
#2 C:\Users\luc-a\Desktop\Universita\Basididati\project\source\login\index.php(32): template\PageModel->render()
#3 {main}
  thrown in C:\Users\luc-a\Desktop\Universita\Basididati\project\source\templates\template_file.php on line 31
[04-Mar-2019 23:30:07 UTC] PHP Fatal error:  Uncaught Error: Class 'template\PageMode' not found in C:\Users\luc-a\Desktop\Universita\Basididati\project\source\login\index.php:19
Stack trace:
#0 {main}
  thrown in C:\Users\luc-a\Desktop\Universita\Basididati\project\source\login\index.php on line 19
