[23-Mar-2019 14:09:13 UTC] PHP Fatal error:  Uncaught Error: Call to undefined method UserAuth::UserHasAnyAuth() in C:\Users\luc-a\Desktop\Universita\Basididati\project\source\controllers\controlPanel\index.php:12
Stack trace:
#0 {main}
  thrown in C:\Users\luc-a\Desktop\Universita\Basididati\project\source\controllers\controlPanel\index.php on line 12
[23-Mar-2019 14:09:24 UTC] PHP Fatal error:  Uncaught Error: Call to undefined method UserAuth::UserHasAnyAuth() in C:\Users\luc-a\Desktop\Universita\Basididati\project\source\controllers\controlPanel\index.php:12
Stack trace:
#0 {main}
  thrown in C:\Users\luc-a\Desktop\Universita\Basididati\project\source\controllers\controlPanel\index.php on line 12
[23-Mar-2019 14:09:45 UTC] PHP Fatal error:  Uncaught Error: Call to undefined function getCurrentUser() in C:\Users\luc-a\Desktop\Universita\Basididati\project\source\private\services\UserAuthService.php:52
Stack trace:
#0 C:\Users\luc-a\Desktop\Universita\Basididati\project\source\controllers\controlPanel\index.php(12): UserAuth->UserHasAnyAuths('SUPERADMIN', 'ADMIN')
#1 {main}
  thrown in C:\Users\luc-a\Desktop\Universita\Basididati\project\source\private\services\UserAuthService.php on line 52
[23-Mar-2019 14:10:06 UTC] PHP Warning:  Use of undefined constant UserRole - assumed 'UserRole' (this will throw an Error in a future version of PHP) in C:\Users\luc-a\Desktop\Universita\Basididati\project\source\private\services\UserAuthService.php on line 55
[23-Mar-2019 14:10:06 UTC] PHP Stack trace:
[23-Mar-2019 14:10:06 UTC] PHP   1. {main}() C:\Users\luc-a\Desktop\Universita\Basididati\project\source\controllers\controlPanel\index.php:0
[23-Mar-2019 14:10:06 UTC] PHP   2. UserAuth->UserHasAnyAuths() C:\Users\luc-a\Desktop\Universita\Basididati\project\source\controllers\controlPanel\index.php:12
[23-Mar-2019 14:10:06 UTC] PHP Fatal error:  Uncaught Error: Call to undefined function findAll() in C:\Users\luc-a\Desktop\Universita\Basididati\project\source\private\services\UserAuthService.php:55
Stack trace:
#0 C:\Users\luc-a\Desktop\Universita\Basididati\project\source\controllers\controlPanel\index.php(12): UserAuth->UserHasAnyAuths('SUPERADMIN', 'ADMIN')
#1 {main}
  thrown in C:\Users\luc-a\Desktop\Universita\Basididati\project\source\private\services\UserAuthService.php on line 55
[23-Mar-2019 14:11:12 UTC] PHP Warning:  Use of undefined constant UserRole - assumed 'UserRole' (this will throw an Error in a future version of PHP) in C:\Users\luc-a\Desktop\Universita\Basididati\project\source\private\services\UserAuthService.php on line 55
[23-Mar-2019 14:11:12 UTC] PHP Stack trace:
[23-Mar-2019 14:11:12 UTC] PHP   1. {main}() C:\Users\luc-a\Desktop\Universita\Basididati\project\source\controllers\controlPanel\index.php:0
[23-Mar-2019 14:11:12 UTC] PHP   2. UserAuth->UserHasAnyAuths() C:\Users\luc-a\Desktop\Universita\Basididati\project\source\controllers\controlPanel\index.php:12
[23-Mar-2019 14:11:12 UTC] PHP Fatal error:  Uncaught Error: Call to undefined function findAll() in C:\Users\luc-a\Desktop\Universita\Basididati\project\source\private\services\UserAuthService.php:55
Stack trace:
#0 C:\Users\luc-a\Desktop\Universita\Basididati\project\source\controllers\controlPanel\index.php(12): UserAuth->UserHasAnyAuths('SUPERADMIN', 'ADMIN')
#1 {main}
  thrown in C:\Users\luc-a\Desktop\Universita\Basididati\project\source\private\services\UserAuthService.php on line 55
[23-Mar-2019 14:11:24 UTC] PHP Notice:  Undefined property: UserRole::$role in C:\Users\luc-a\Desktop\Universita\Basididati\project\source\private\services\UserAuthService.php on line 59
[23-Mar-2019 14:11:24 UTC] PHP Stack trace:
[23-Mar-2019 14:11:24 UTC] PHP   1. {main}() C:\Users\luc-a\Desktop\Universita\Basididati\project\source\controllers\controlPanel\index.php:0
[23-Mar-2019 14:11:24 UTC] PHP   2. UserAuth->UserHasAnyAuths() C:\Users\luc-a\Desktop\Universita\Basididati\project\source\controllers\controlPanel\index.php:12
[23-Mar-2019 14:11:24 UTC] PHP Notice:  Trying to get property 'authority' of non-object in C:\Users\luc-a\Desktop\Universita\Basididati\project\source\private\services\UserAuthService.php on line 59
[23-Mar-2019 14:11:24 UTC] PHP Stack trace:
[23-Mar-2019 14:11:24 UTC] PHP   1. {main}() C:\Users\luc-a\Desktop\Universita\Basididati\project\source\controllers\controlPanel\index.php:0
[23-Mar-2019 14:11:24 UTC] PHP   2. UserAuth->UserHasAnyAuths() C:\Users\luc-a\Desktop\Universita\Basididati\project\source\controllers\controlPanel\index.php:12
[23-Mar-2019 14:11:24 UTC] PHP Notice:  Undefined property: UserRole::$role in C:\Users\luc-a\Desktop\Universita\Basididati\project\source\private\services\UserAuthService.php on line 59
[23-Mar-2019 14:11:24 UTC] PHP Stack trace:
[23-Mar-2019 14:11:24 UTC] PHP   1. {main}() C:\Users\luc-a\Desktop\Universita\Basididati\project\source\controllers\controlPanel\index.php:0
[23-Mar-2019 14:11:24 UTC] PHP   2. UserAuth->UserHasAnyAuths() C:\Users\luc-a\Desktop\Universita\Basididati\project\source\controllers\controlPanel\index.php:12
[23-Mar-2019 14:11:24 UTC] PHP Notice:  Trying to get property 'authority' of non-object in C:\Users\luc-a\Desktop\Universita\Basididati\project\source\private\services\UserAuthService.php on line 59
[23-Mar-2019 14:11:24 UTC] PHP Stack trace:
[23-Mar-2019 14:11:24 UTC] PHP   1. {main}() C:\Users\luc-a\Desktop\Universita\Basididati\project\source\controllers\controlPanel\index.php:0
[23-Mar-2019 14:11:24 UTC] PHP   2. UserAuth->UserHasAnyAuths() C:\Users\luc-a\Desktop\Universita\Basididati\project\source\controllers\controlPanel\index.php:12
[23-Mar-2019 14:11:24 UTC] PHP Warning:  Cannot modify header information - headers already sent by (output started at C:\Users\luc-a\Desktop\Universita\Basididati\project\source\private\services\UserAuthService.php:59) in C:\Users\luc-a\Desktop\Universita\Basididati\project\source\private\utils.php on line 26
[23-Mar-2019 14:11:24 UTC] PHP Stack trace:
[23-Mar-2019 14:11:24 UTC] PHP   1. {main}() C:\Users\luc-a\Desktop\Universita\Basididati\project\source\controllers\controlPanel\index.php:0
[23-Mar-2019 14:11:24 UTC] PHP   2. redirectToError() C:\Users\luc-a\Desktop\Universita\Basididati\project\source\controllers\controlPanel\index.php:13
[23-Mar-2019 14:11:24 UTC] PHP   3. header() C:\Users\luc-a\Desktop\Universita\Basididati\project\source\private\utils.php:26
[23-Mar-2019 14:12:33 UTC] PHP Notice:  Undefined property: Role::$authority in C:\Users\luc-a\Desktop\Universita\Basididati\project\source\private\services\UserAuthService.php on line 59
[23-Mar-2019 14:12:33 UTC] PHP Stack trace:
[23-Mar-2019 14:12:33 UTC] PHP   1. {main}() C:\Users\luc-a\Desktop\Universita\Basididati\project\source\controllers\controlPanel\index.php:0
[23-Mar-2019 14:12:33 UTC] PHP   2. UserAuth->UserHasAnyAuths(...$auths = variadic(*uninitialized*, *uninitialized*)) C:\Users\luc-a\Desktop\Universita\Basididati\project\source\controllers\controlPanel\index.php:12
[23-Mar-2019 14:20:14 UTC] PHP Fatal error:  Uncaught Error: Undefined class constant 'controlpanel_title' in C:\Users\luc-a\Desktop\Universita\Basididati\project\source\controllers\controlPanel\index.php:22
Stack trace:
#0 {main}
  thrown in C:\Users\luc-a\Desktop\Universita\Basididati\project\source\controllers\controlPanel\index.php on line 22
[23-Mar-2019 14:20:16 UTC] PHP Fatal error:  Uncaught Error: Undefined class constant 'controlpanel_title' in C:\Users\luc-a\Desktop\Universita\Basididati\project\source\controllers\controlPanel\index.php:22
Stack trace:
#0 {main}
  thrown in C:\Users\luc-a\Desktop\Universita\Basididati\project\source\controllers\controlPanel\index.php on line 22
