[23-Mar-2019 16:03:57 UTC] PHP Fatal error:  Uncaught Leafo\ScssPhp\Exception\ParserException: parse error: failed at `&} {` bootstrap/scss/mixins/_badge.scss on line 5 in C:\Users\luc-a\Desktop\Universita\Basididati\project\source\scssphp\src\Parser.php:128
Stack trace:
#0 C:\Users\luc-a\Desktop\Universita\Basididati\project\source\scssphp\src\Parser.php(169): Leafo\ScssPhp\Parser->throwParseError()
#1 C:\Users\luc-a\Desktop\Universita\Basididati\project\source\scssphp\src\Compiler.php(3448): Leafo\ScssPhp\Parser->parse('@mixin badge-va...')
#2 C:\Users\luc-a\Desktop\Universita\Basididati\project\source\scssphp\src\Compiler.php(1530): Leafo\ScssPhp\Compiler->importFile('bootstrap/scss/...', Object(Leafo\ScssPhp\Formatter\OutputBlock))
#3 C:\Users\luc-a\Desktop\Universita\Basididati\project\source\scssphp\src\Compiler.php(1592): Leafo\ScssPhp\Compiler->compileImport(Array, Object(Leafo\ScssPhp\Formatter\OutputBlock))
#4 C:\Users\luc-a\Desktop\Universita\Basididati\project\source\scssphp\src\Compiler.php(1335): Leafo\ScssPhp\Compiler->compileChild(Array, in C:\Users\luc-a\Desktop\Universita\Basididati\project\source\scssphp\src\Parser.php on line 128
[23-Mar-2019 16:04:41 UTC] PHP Fatal error:  Uncaught Leafo\ScssPhp\Exception\ParserException: parse error: failed at `&} {` bootstrap/scss/mixins/_badge.scss on line 5 in C:\Users\luc-a\Desktop\Universita\Basididati\project\source\scssphp\src\Parser.php:128
Stack trace:
#0 C:\Users\luc-a\Desktop\Universita\Basididati\project\source\scssphp\src\Parser.php(169): Leafo\ScssPhp\Parser->throwParseError()
#1 C:\Users\luc-a\Desktop\Universita\Basididati\project\source\scssphp\src\Compiler.php(3448): Leafo\ScssPhp\Parser->parse('@mixin badge-va...')
#2 C:\Users\luc-a\Desktop\Universita\Basididati\project\source\scssphp\src\Compiler.php(1530): Leafo\ScssPhp\Compiler->importFile('bootstrap/scss/...', Object(Leafo\ScssPhp\Formatter\OutputBlock))
#3 C:\Users\luc-a\Desktop\Universita\Basididati\project\source\scssphp\src\Compiler.php(1592): Leafo\ScssPhp\Compiler->compileImport(Array, Object(Leafo\ScssPhp\Formatter\OutputBlock))
#4 C:\Users\luc-a\Desktop\Universita\Basididati\project\source\scssphp\src\Compiler.php(1335): Leafo\ScssPhp\Compiler->compileChild(Array, in C:\Users\luc-a\Desktop\Universita\Basididati\project\source\scssphp\src\Parser.php on line 128
[23-Mar-2019 16:04:50 UTC] PHP Fatal error:  Uncaught Leafo\ScssPhp\Exception\ParserException: parse error: failed at `&} {` bootstrap/scss/mixins/_badge.scss on line 5 in C:\Users\luc-a\Desktop\Universita\Basididati\project\source\scssphp\src\Parser.php:128
Stack trace:
#0 C:\Users\luc-a\Desktop\Universita\Basididati\project\source\scssphp\src\Parser.php(169): Leafo\ScssPhp\Parser->throwParseError()
#1 C:\Users\luc-a\Desktop\Universita\Basididati\project\source\scssphp\src\Compiler.php(3448): Leafo\ScssPhp\Parser->parse('@mixin badge-va...')
#2 C:\Users\luc-a\Desktop\Universita\Basididati\project\source\scssphp\src\Compiler.php(1530): Leafo\ScssPhp\Compiler->importFile('bootstrap/scss/...', Object(Leafo\ScssPhp\Formatter\OutputBlock))
#3 C:\Users\luc-a\Desktop\Universita\Basididati\project\source\scssphp\src\Compiler.php(1592): Leafo\ScssPhp\Compiler->compileImport(Array, Object(Leafo\ScssPhp\Formatter\OutputBlock))
#4 C:\Users\luc-a\Desktop\Universita\Basididati\project\source\scssphp\src\Compiler.php(1335): Leafo\ScssPhp\Compiler->compileChild(Array, in C:\Users\luc-a\Desktop\Universita\Basididati\project\source\scssphp\src\Parser.php on line 128
[23-Mar-2019 16:04:57 UTC] PHP Fatal error:  Uncaught Leafo\ScssPhp\Exception\ParserException: parse error: failed at `&} {` bootstrap/scss/mixins/_badge.scss on line 5 in C:\Users\luc-a\Desktop\Universita\Basididati\project\source\scssphp\src\Parser.php:128
Stack trace:
#0 C:\Users\luc-a\Desktop\Universita\Basididati\project\source\scssphp\src\Parser.php(169): Leafo\ScssPhp\Parser->throwParseError()
#1 C:\Users\luc-a\Desktop\Universita\Basididati\project\source\scssphp\src\Compiler.php(3448): Leafo\ScssPhp\Parser->parse('@mixin badge-va...')
#2 C:\Users\luc-a\Desktop\Universita\Basididati\project\source\scssphp\src\Compiler.php(1530): Leafo\ScssPhp\Compiler->importFile('bootstrap/scss/...', Object(Leafo\ScssPhp\Formatter\OutputBlock))
#3 C:\Users\luc-a\Desktop\Universita\Basididati\project\source\scssphp\src\Compiler.php(1592): Leafo\ScssPhp\Compiler->compileImport(Array, Object(Leafo\ScssPhp\Formatter\OutputBlock))
#4 C:\Users\luc-a\Desktop\Universita\Basididati\project\source\scssphp\src\Compiler.php(1335): Leafo\ScssPhp\Compiler->compileChild(Array, in C:\Users\luc-a\Desktop\Universita\Basididati\project\source\scssphp\src\Parser.php on line 128
[23-Mar-2019 16:05:28 UTC] PHP Fatal error:  Uncaught Leafo\ScssPhp\Exception\ParserException: parse error: failed at `&} {` C:/Users/luc-a/Desktop/Universita/Basididati/project/source/stylesheets/bootstrap/scss/mixins/_badge.scss on line 5 in C:\Users\luc-a\Desktop\Universita\Basididati\project\source\scssphp\src\Parser.php:128
Stack trace:
#0 C:\Users\luc-a\Desktop\Universita\Basididati\project\source\scssphp\src\Parser.php(169): Leafo\ScssPhp\Parser->throwParseError()
#1 C:\Users\luc-a\Desktop\Universita\Basididati\project\source\scssphp\src\Compiler.php(3448): Leafo\ScssPhp\Parser->parse('@mixin badge-va...')
#2 C:\Users\luc-a\Desktop\Universita\Basididati\project\source\scssphp\src\Compiler.php(1530): Leafo\ScssPhp\Compiler->importFile('C:/Users/luc-a/...', Object(Leafo\ScssPhp\Formatter\OutputBlock))
#3 C:\Users\luc-a\Desktop\Universita\Basididati\project\source\scssphp\src\Compiler.php(1592): Leafo\ScssPhp\Compiler->compileImport(Array, Object(Leafo\ScssPhp\Formatter\OutputBlock))
#4 C:\Users\luc-a\Desktop\Universita\Basididati\project\source\scs in C:\Users\luc-a\Desktop\Universita\Basididati\project\source\scssphp\src\Parser.php on line 128
[23-Mar-2019 16:06:38 UTC] PHP Fatal error:  Uncaught Leafo\ScssPhp\Exception\ServerException: Cache directory doesn't exist: stylesheets\scss_cache in C:\Users\luc-a\Desktop\Universita\Basididati\project\source\scssphp\example\Server.php:502
Stack trace:
#0 C:\Users\luc-a\Desktop\Universita\Basididati\project\source\stylesheets\scss.php(16): Leafo\ScssPhp\Server->__construct('stylesheets', 'stylesheets\\scs...', Object(Leafo\ScssPhp\Compiler))
#1 {main}
  thrown in C:\Users\luc-a\Desktop\Universita\Basididati\project\source\scssphp\example\Server.php on line 502
[23-Mar-2019 16:09:10 UTC] PHP Fatal error:  Uncaught Leafo\ScssPhp\Exception\ServerException: Cache directory doesn't exist: stylesheets/assets\scss_cache in C:\Users\luc-a\Desktop\Universita\Basididati\project\source\scssphp\example\Server.php:502
Stack trace:
#0 C:\Users\luc-a\Desktop\Universita\Basididati\project\source\stylesheets\scss.php(16): Leafo\ScssPhp\Server->__construct('stylesheets/ass...', 'stylesheets/ass...', Object(Leafo\ScssPhp\Compiler))
#1 {main}
  thrown in C:\Users\luc-a\Desktop\Universita\Basididati\project\source\scssphp\example\Server.php on line 502
[23-Mar-2019 16:15:42 UTC] PHP Fatal error:  Uncaught Leafo\ScssPhp\Exception\ParserException: parse error: failed at `&} {` assets/bootstrap/scss/mixins/_badge.scss on line 5 in C:\Users\luc-a\Desktop\Universita\Basididati\project\source\scssphp\src\Parser.php:128
Stack trace:
#0 C:\Users\luc-a\Desktop\Universita\Basididati\project\source\scssphp\src\Parser.php(169): Leafo\ScssPhp\Parser->throwParseError()
#1 C:\Users\luc-a\Desktop\Universita\Basididati\project\source\scssphp\src\Compiler.php(3448): Leafo\ScssPhp\Parser->parse('@mixin badge-va...')
#2 C:\Users\luc-a\Desktop\Universita\Basididati\project\source\scssphp\src\Compiler.php(1530): Leafo\ScssPhp\Compiler->importFile('assets/bootstra...', Object(Leafo\ScssPhp\Formatter\OutputBlock))
#3 C:\Users\luc-a\Desktop\Universita\Basididati\project\source\scssphp\src\Compiler.php(1592): Leafo\ScssPhp\Compiler->compileImport(Array, Object(Leafo\ScssPhp\Formatter\OutputBlock))
#4 C:\Users\luc-a\Desktop\Universita\Basididati\project\source\scssphp\src\Compiler.php(1335): Leafo\ScssPhp\Compiler->compileChild in C:\Users\luc-a\Desktop\Universita\Basididati\project\source\scssphp\src\Parser.php on line 128
[23-Mar-2019 18:36:18 UTC] PHP Warning:  Cannot modify header information - headers already sent by (output started at C:\Users\luc-a\Desktop\Universita\Basididati\project\source\stylesheets\scss.php:16) in C:\Users\luc-a\Desktop\Universita\Basididati\project\source\scssphp\example\Server.php on line 355
[23-Mar-2019 18:36:18 UTC] PHP Stack trace:
[23-Mar-2019 18:36:18 UTC] PHP   1. {main}() C:\Users\luc-a\Desktop\Universita\Basididati\project\source\stylesheets\scss.php:0
[23-Mar-2019 18:36:18 UTC] PHP   2. Leafo\ScssPhp\Server->serve($salt = *uninitialized*) C:\Users\luc-a\Desktop\Universita\Basididati\project\source\stylesheets\scss.php:18
[23-Mar-2019 18:36:18 UTC] PHP   3. header(*uninitialized*) C:\Users\luc-a\Desktop\Universita\Basididati\project\source\scssphp\example\Server.php:355
[23-Mar-2019 18:36:28 UTC] PHP Warning:  Cannot modify header information - headers already sent by (output started at C:\Users\luc-a\Desktop\Universita\Basididati\project\source\stylesheets\scss.php:16) in C:\Users\luc-a\Desktop\Universita\Basididati\project\source\scssphp\example\Server.php on line 356
[23-Mar-2019 18:36:28 UTC] PHP Stack trace:
[23-Mar-2019 18:36:28 UTC] PHP   1. {main}() C:\Users\luc-a\Desktop\Universita\Basididati\project\source\stylesheets\scss.php:0
[23-Mar-2019 18:36:28 UTC] PHP   2. Leafo\ScssPhp\Server->serve($salt = *uninitialized*) C:\Users\luc-a\Desktop\Universita\Basididati\project\source\stylesheets\scss.php:18
[23-Mar-2019 18:36:28 UTC] PHP   3. header(*uninitialized*) C:\Users\luc-a\Desktop\Universita\Basididati\project\source\scssphp\example\Server.php:356
[23-Mar-2019 18:36:30 UTC] PHP Warning:  Cannot modify header information - headers already sent by (output started at C:\Users\luc-a\Desktop\Universita\Basididati\project\source\stylesheets\scss.php:16) in C:\Users\luc-a\Desktop\Universita\Basididati\project\source\scssphp\example\Server.php on line 357
[23-Mar-2019 18:36:30 UTC] PHP Stack trace:
[23-Mar-2019 18:36:30 UTC] PHP   1. {main}() C:\Users\luc-a\Desktop\Universita\Basididati\project\source\stylesheets\scss.php:0
[23-Mar-2019 18:36:30 UTC] PHP   2. Leafo\ScssPhp\Server->serve($salt = *uninitialized*) C:\Users\luc-a\Desktop\Universita\Basididati\project\source\stylesheets\scss.php:18
[23-Mar-2019 18:36:30 UTC] PHP   3. header(*uninitialized*) C:\Users\luc-a\Desktop\Universita\Basididati\project\source\scssphp\example\Server.php:357
[23-Mar-2019 18:36:30 UTC] PHP Warning:  Cannot modify header information - headers already sent by (output started at C:\Users\luc-a\Desktop\Universita\Basididati\project\source\stylesheets\scss.php:16) in C:\Users\luc-a\Desktop\Universita\Basididati\project\source\scssphp\example\Server.php on line 360
[23-Mar-2019 18:36:30 UTC] PHP Stack trace:
[23-Mar-2019 18:36:30 UTC] PHP   1. {main}() C:\Users\luc-a\Desktop\Universita\Basididati\project\source\stylesheets\scss.php:0
[23-Mar-2019 18:36:30 UTC] PHP   2. Leafo\ScssPhp\Server->serve($salt = *uninitialized*) C:\Users\luc-a\Desktop\Universita\Basididati\project\source\stylesheets\scss.php:18
[23-Mar-2019 18:36:30 UTC] PHP   3. header(*uninitialized*) C:\Users\luc-a\Desktop\Universita\Basididati\project\source\scssphp\example\Server.php:360
[23-Mar-2019 18:42:43 UTC] PHP Fatal error:  Uncaught Leafo\ScssPhp\Exception\CompilerException: Undefined variable $headePr: line: 15 in C:\Users\luc-a\Desktop\Universita\Basididati\project\source\scssphp\src\Compiler.php:3555
Stack trace:
#0 C:\Users\luc-a\Desktop\Universita\Basididati\project\source\scssphp\src\Compiler.php(3199): Leafo\ScssPhp\Compiler->throwError('Undefined varia...')
#1 C:\Users\luc-a\Desktop\Universita\Basididati\project\source\scssphp\src\Compiler.php(2166): Leafo\ScssPhp\Compiler->get('headePr')
#2 C:\Users\luc-a\Desktop\Universita\Basididati\project\source\scssphp\src\Compiler.php(3662): Leafo\ScssPhp\Compiler->reduce(Array, true)
#3 C:\Users\luc-a\Desktop\Universita\Basididati\project\source\scssphp\src\Compiler.php(2226): Leafo\ScssPhp\Compiler->callNativeFunction('nth', Array, NULL)
#4 C:\Users\luc-a\Desktop\Universita\Basididati\project\source\scssphp\src\Compiler.php(2203): Leafo\ScssPhp\Compiler->fncall('nth', Array)
#5 C:\Users\luc-a\Desktop\Universita\Basididati\project\source\scssphp\src\Compiler.php(2196): Leafo\Scss in C:\Users\luc-a\Desktop\Universita\Basididati\project\source\scssphp\src\Compiler.php on line 3555
[23-Mar-2019 18:42:43 UTC] PHP Stack trace:
[23-Mar-2019 18:42:43 UTC] PHP   1. {main}() C:\Users\luc-a\Desktop\Universita\Basididati\project\source\stylesheets\scss.php:0
[23-Mar-2019 18:42:43 UTC] PHP   2. Leafo\ScssPhp\Server->serve($salt = *uninitialized*) C:\Users\luc-a\Desktop\Universita\Basididati\project\source\stylesheets\scss.php:18
[23-Mar-2019 18:42:43 UTC] PHP   3. Leafo\ScssPhp\Server->compile($in = *uninitialized*, $out = *uninitialized*) C:\Users\luc-a\Desktop\Universita\Basididati\project\source\scssphp\example\Server.php:330
[23-Mar-2019 18:42:43 UTC] PHP   4. Leafo\ScssPhp\Compiler->compile($code = *uninitialized*, $path = *uninitialized*) C:\Users\luc-a\Desktop\Universita\Basididati\project\source\scssphp\example\Server.php:206
[23-Mar-2019 18:42:43 UTC] PHP   5. Leafo\ScssPhp\Compiler->compileRoot($rootBlock = *uninitialized*) C:\Users\luc-a\Desktop\Universita\Basididati\project\source\scssphp\src\Compiler.php:205
[23-Mar-2019 18:42:43 UTC] PHP   6. Leafo\ScssPhp\Compiler->compileChildrenNoReturn($stms = *uninitialized*, $out = *uninitialized*) C:\Users\luc-a\Desktop\Universita\Basididati\project\source\scssphp\src\Compiler.php:342
[23-Mar-2019 18:42:43 UTC] PHP   7. Leafo\ScssPhp\Compiler->compileChild($child = *uninitialized*, $out = *uninitialized*) C:\Users\luc-a\Desktop\Universita\Basididati\project\source\scssphp\src\Compiler.php:1335
[23-Mar-2019 18:42:43 UTC] PHP   8. Leafo\ScssPhp\Compiler->compileChildren($stms = *uninitialized*, $out = *uninitialized*) C:\Users\luc-a\Desktop\Universita\Basididati\project\source\scssphp\src\Compiler.php:1742
[23-Mar-2019 18:42:43 UTC] PHP   9. Leafo\ScssPhp\Compiler->compileChild($child = *uninitialized*, $out = *uninitialized*) C:\Users\luc-a\Desktop\Universita\Basididati\project\source\scssphp\src\Compiler.php:1316
[23-Mar-2019 18:42:43 UTC] PHP  10. Leafo\ScssPhp\Compiler->compileBlock($block = *uninitialized*) C:\Users\luc-a\Desktop\Universita\Basididati\project\source\scssphp\src\Compiler.php:1610
[23-Mar-2019 18:42:43 UTC] PHP  11. Leafo\ScssPhp\Compiler->compileChildrenNoReturn($stms = *uninitialized*, $out = *uninitialized*) C:\Users\luc-a\Desktop\Universita\Basididati\project\source\scssphp\src\Compiler.php:1088
[23-Mar-2019 18:42:43 UTC] PHP  12. Leafo\ScssPhp\Compiler->compileChild($child = *uninitialized*, $out = *uninitialized*) C:\Users\luc-a\Desktop\Universita\Basididati\project\source\scssphp\src\Compiler.php:1335
[23-Mar-2019 18:42:43 UTC] PHP  13. Leafo\ScssPhp\Compiler->reduce($value = *uninitialized*, $inExp = *uninitialized*) C:\Users\luc-a\Desktop\Universita\Basididati\project\source\scssphp\src\Compiler.php:1662
[23-Mar-2019 18:42:43 UTC] PHP  14. Leafo\ScssPhp\Compiler->reduce($value = *uninitialized*, $inExp = *uninitialized*) C:\Users\luc-a\Desktop\Universita\Basididati\project\source\scssphp\src\Compiler.php:2196
[23-Mar-2019 18:42:43 UTC] PHP  15. Leafo\ScssPhp\Compiler->fncall($name = *uninitialized*, $argValues = *uninitialized*) C:\Users\luc-a\Desktop\Universita\Basididati\project\source\scssphp\src\Compiler.php:2203
[23-Mar-2019 18:42:43 UTC] PHP  16. Leafo\ScssPhp\Compiler->callNativeFunction($name = *uninitialized*, $args = *uninitialized*, $returnValue = *uninitialized*) C:\Users\luc-a\Desktop\Universita\Basididati\project\source\scssphp\src\Compiler.php:2226
[23-Mar-2019 18:42:43 UTC] PHP  17. Leafo\ScssPhp\Compiler->reduce($value = *uninitialized*, $inExp = *uninitialized*) C:\Users\luc-a\Desktop\Universita\Basididati\project\source\scssphp\src\Compiler.php:3662
[23-Mar-2019 18:42:43 UTC] PHP  18. Leafo\ScssPhp\Compiler->get($name = *uninitialized*, $shouldThrow = *uninitialized*, $env = *uninitialized*) C:\Users\luc-a\Desktop\Universita\Basididati\project\source\scssphp\src\Compiler.php:2166
[23-Mar-2019 18:42:43 UTC] PHP  19. Leafo\ScssPhp\Compiler->throwError($msg = *uninitialized*) C:\Users\luc-a\Desktop\Universita\Basididati\project\source\scssphp\src\Compiler.php:3199
